#
# A fatal error has been detected by the Java Runtime Environment:
#
#  EXCEPTION_ACCESS_VIOLATION (0xc0000005) at pc=0x00007ff8db191c76, pid=32692, tid=12108
#
# JRE version: OpenJDK Runtime Environment Temurin-18.0.1+10 (18.0.1+10) (build 18.0.1+10)
# Java VM: OpenJDK 64-Bit Server VM Temurin-18.0.1+10 (18.0.1+10, mixed mode, tiered, compressed oops, compressed class ptrs, g1 gc, windows-amd64)
# Problematic frame:
# V  [jvm.dll+0x11c76]
#
# No core dump will be written. Minidumps are not enabled by default on client versions of Windows
#
# If you would like to submit a bug report, please visit:
#   https://github.com/adoptium/adoptium-support/issues
#

---------------  S U M M A R Y ------------

Command Line: -XX:+ShowCodeDetailsInExceptionMessages -agentlib:jdwp=transport=dt_socket,suspend=y,address=localhost:50534 -javaagent:D:\Softwares\eclipse\configuration\org.eclipse.osgi\422\0\.cp\lib\javaagent-shaded.jar -Dfile.encoding=UTF-8 com.project.onboarding.ProjectOnboardingApplication

Host: Intel(R) Core(TM) i5-1035G1 CPU @ 1.00GHz, 8 cores, 7G,  Windows 11 , 64 bit Build 22000 (10.0.22000.708)
Time: Tue Aug  9 18:13:57 2022 India Standard Time elapsed time: 1159.834324 seconds (0d 0h 19m 19s)

---------------  T H R E A D  ---------------

Current thread (0x00000281fe2dc3e0):  WorkerThread "GC Thread#6" [stack: 0x000000dd55800000,0x000000dd55900000] [id=12108]

Stack: [0x000000dd55800000,0x000000dd55900000],  sp=0x000000dd558fe088,  free space=1016k
Native frames: (J=compiled Java code, j=interpreted, Vv=VM code, C=native code)
V  [jvm.dll+0x11c76]

JavaThread 0x00000281fda1f3e0 (nid = 24948) was being processed
Java frames: (J=compiled Java code, j=interpreted, Vv=VM code)
j  java.lang.invoke.DirectMethodHandle$Holder.newInvokeSpecial(Ljava/lang/Object;)Ljava/lang/Object;+15 java.base@18.0.1
J 8170 c2 java.lang.reflect.Constructor.newInstanceWithCaller([Ljava/lang/Object;ZLjava/lang/Class;)Ljava/lang/Object; java.base@18.0.1 (51 bytes) @ 0x0000028188090ea0 [0x0000028188090da0+0x0000000000000100]
J 9524 c2 org.springframework.beans.BeanUtils.instantiateClass(Ljava/lang/reflect/Constructor;[Ljava/lang/Object;)Ljava/lang/Object; (187 bytes) @ 0x000002818829cc60 [0x000002818829ca00+0x0000000000000260]
J 7871 c1 org.springframework.beans.factory.support.SimpleInstantiationStrategy.instantiate(Lorg/springframework/beans/factory/support/RootBeanDefinition;Ljava/lang/String;Lorg/springframework/beans/factory/BeanFactory;)Ljava/lang/Object; (152 bytes) @ 0x00000281808831cc [0x0000028180882a20+0x00000000000007ac]
J 7882 c1 org.springframework.beans.factory.support.AbstractAutowireCapableBeanFactory.instantiateBean(Ljava/lang/String;Lorg/springframework/beans/factory/support/RootBeanDefinition;)Lorg/springframework/beans/BeanWrapper; (75 bytes) @ 0x00000281807956c4 [0x0000028180795440+0x0000000000000284]
J 6963 c1 org.springframework.beans.factory.support.AbstractAutowireCapableBeanFactory.createBeanInstance(Ljava/lang/String;Lorg/springframework/beans/factory/support/RootBeanDefinition;[Ljava/lang/Object;)Lorg/springframework/beans/BeanWrapper; (254 bytes) @ 0x000002818142d83c [0x000002818142c180+0x00000000000016bc]
J 6941 c1 org.springframework.beans.factory.support.AbstractAutowireCapableBeanFactory.doCreateBean(Ljava/lang/String;Lorg/springframework/beans/factory/support/RootBeanDefinition;[Ljava/lang/Object;)Ljava/lang/Object; (507 bytes) @ 0x00000281814136dc [0x00000281814131a0+0x000000000000053c]
J 6514 c1 org.springframework.beans.factory.support.AbstractAutowireCapableBeanFactory.createBean(Ljava/lang/String;Lorg/springframework/beans/factory/support/RootBeanDefinition;[Ljava/lang/Object;)Ljava/lang/Object; (247 bytes) @ 0x00000281812a72d4 [0x00000281812a5c80+0x0000000000001654]
J 6949 c1 org.springframework.beans.factory.support.AbstractBeanFactory.lambda$doGetBean$0(Ljava/lang/String;Lorg/springframework/beans/factory/support/RootBeanDefinition;[Ljava/lang/Object;)Ljava/lang/Object; (18 bytes) @ 0x0000028181421d84 [0x0000028181421c60+0x0000000000000124]
J 6544 c1 org.springframework.beans.factory.support.AbstractBeanFactory$$Lambda$252+0x0000000100293fa8.getObject()Ljava/lang/Object; (20 bytes) @ 0x00000281812bab4c [0x00000281812baac0+0x000000000000008c]
J 6946 c1 org.springframework.beans.factory.support.DefaultSingletonBeanRegistry.getSingleton(Ljava/lang/String;Lorg/springframework/beans/factory/ObjectFactory;)Ljava/lang/Object; (297 bytes) @ 0x000002818141e614 [0x000002818141db40+0x0000000000000ad4]
J 7924 c2 org.springframework.beans.factory.support.AbstractBeanFactory.doGetBean(Ljava/lang/String;Ljava/lang/Class;[Ljava/lang/Object;Z)Ljava/lang/Object; (832 bytes) @ 0x0000028187cab2c8 [0x0000028187caa860+0x0000000000000a68]
J 4805 c1 org.springframework.beans.factory.support.AbstractBeanFactory.getBean(Ljava/lang/String;)Ljava/lang/Object; (9 bytes) @ 0x0000028180e9a05c [0x0000028180e99f40+0x000000000000011c]
j  org.springframework.beans.factory.support.DefaultListableBeanFactory.preInstantiateSingletons()V+248
j  org.springframework.context.support.AbstractApplicationContext.finishBeanFactoryInitialization(Lorg/springframework/beans/factory/config/ConfigurableListableBeanFactory;)V+124
j  org.springframework.context.support.AbstractApplicationContext.refresh()V+86
j  org.springframework.boot.web.servlet.context.ServletWebServerApplicationContext.refresh()V+1
j  org.springframework.boot.SpringApplication.refresh(Lorg/springframework/context/ConfigurableApplicationContext;)V+1
j  org.springframework.boot.SpringApplication.refreshContext(Lorg/springframework/context/ConfigurableApplicationContext;)V+16
j  org.springframework.boot.SpringApplication.run([Ljava/lang/String;)Lorg/springframework/context/ConfigurableApplicationContext;+107
j  org.springframework.boot.SpringApplication.run([Ljava/lang/Class;[Ljava/lang/String;)Lorg/springframework/context/ConfigurableApplicationContext;+9
j  org.springframework.boot.SpringApplication.run(Ljava/lang/Class;[Ljava/lang/String;)Lorg/springframework/context/ConfigurableApplicationContext;+9
j  com.project.onboarding.ProjectOnboardingApplication.main([Ljava/lang/String;)V+3
j  java.lang.invoke.LambdaForm$DMH+0x0000000100129000.invokeStatic(Ljava/lang/Object;Ljava/lang/Object;)V+10 java.base@18.0.1
j  java.lang.invoke.LambdaForm$MH+0x000000010012a000.invoke(Ljava/lang/Object;Ljava/lang/Object;Ljava/lang/Object;)Ljava/lang/Object;+33 java.base@18.0.1
J 7451 c2 java.lang.reflect.Method.invoke(Ljava/lang/Object;[Ljava/lang/Object;)Ljava/lang/Object; java.base@18.0.1 (108 bytes) @ 0x0000028188013c9c [0x0000028188013100+0x0000000000000b9c]
j  org.springframework.boot.devtools.restart.RestartLauncher.run()V+42
v  ~StubRoutines::call_stub

siginfo: EXCEPTION_ACCESS_VIOLATION (0xc0000005), reading address 0x0000000479b66c80


Register to memory mapping:

RIP=0x00007ff8db191c76 jvm.dll
RAX=0x0 is NULL
RBX=0x0000000000006f43 is an unknown value
RCX=0x000000dd539fe1e0 is pointing into the stack for thread: 0x00000281fda1f3e0
RDX=0x000000dd539fe1e0 is pointing into the stack for thread: 0x00000281fda1f3e0
RSP=0x000000dd558fe088 points into unknown readable memory: 0x00007ff8db4a6de3 | e3 6d 4a db f8 7f 00 00
RBP=0x000000dd558fe109 points into unknown readable memory: 9e 8e db f8 7f 00 00
RSI=0x00000281959d48a8 points into unknown readable memory: 0x00007ff8dbafdf38 | 38 df af db f8 7f 00 00
RDI=0x000000dd539fe1e0 is pointing into the stack for thread: 0x00000281fda1f3e0
R8 =0x0000000479b66c78 is an unknown value
R9 =0x000000dd539fe1e0 is pointing into the stack for thread: 0x00000281fda1f3e0
R10=0x000000dd539fe1e0 is pointing into the stack for thread: 0x00000281fda1f3e0
R11=0x000000dd558fe318 points into unknown readable memory: 0x00007ff8db4686e1 | e1 86 46 db f8 7f 00 00
R12=0x000000dd539fe1e0 is pointing into the stack for thread: 0x00000281fda1f3e0
R13=0x0000000479b66c78 is an unknown value
R14=0x00000281ff2562b0 points into unknown readable memory: 0x00007ff8dbafc4b0 | b0 c4 af db f8 7f 00 00
R15=0x0000000000000003 is an unknown value


Registers:
RAX=0x0000000000000000, RBX=0x0000000000006f43, RCX=0x000000dd539fe1e0, RDX=0x000000dd539fe1e0
RSP=0x000000dd558fe088, RBP=0x000000dd558fe109, RSI=0x00000281959d48a8, RDI=0x000000dd539fe1e0
R8 =0x0000000479b66c78, R9 =0x000000dd539fe1e0, R10=0x000000dd539fe1e0, R11=0x000000dd558fe318
R12=0x000000dd539fe1e0, R13=0x0000000479b66c78, R14=0x00000281ff2562b0, R15=0x0000000000000003
RIP=0x00007ff8db191c76, EFLAGS=0x0000000000010206

Top of Stack: (sp=0x000000dd558fe088)
0x000000dd558fe088:   00007ff8db4a6de3 0000000100710001
0x000000dd558fe098:   000000dd558fdf90 00000281fce0f240
0x000000dd558fe0a8:   0000000000000000 0000000000000000
0x000000dd558fe0b8:   00000281fce0f280 0000028194a70570
0x000000dd558fe0c8:   0000000000000003 000000dd558fe180
0x000000dd558fe0d8:   0000000000000000 0000000000000456
0x000000dd558fe0e8:   00007ff8db80bd78 0000000000000456
0x000000dd558fe0f8:   00000281fe380300 00000000000000c7
0x000000dd558fe108:   00007ff8db8e9e30 0000000085853cc8
0x000000dd558fe118:   00007ff8db4a51f9 0000028194310378
0x000000dd558fe128:   0000000000000003 0000000000000003
0x000000dd558fe138:   00000281fdc7cd30 00000281fce8c0d8
0x000000dd558fe148:   000000dd539fe1e0 00000281959d48a8
0x000000dd558fe158:   00000281959d48a8 000000dd558fe2a0
0x000000dd558fe168:   00007ff8db4b8bc1 000000dd558fe268
0x000000dd558fe178:   00000281959d48a8 00000281fcb088f0 

Instructions: (pc=0x00007ff8db191c76)
0x00007ff8db191b76:   cc cc cc cc cc cc cc cc cc cc 4c 8b 01 4c 8b c9
0x00007ff8db191b86:   48 8b 0d c3 33 b8 00 ba 64 60 08 00 e9 29 f2 ff
0x00007ff8db191b96:   ff cc cc cc cc cc cc cc cc cc 8b 05 2a be b1 00
0x00007ff8db191ba6:   c3 cc cc cc cc cc cc cc cc cc 0f b6 05 5a 46 b9
0x00007ff8db191bb6:   00 48 8b d1 84 c0 74 16 44 8b 41 08 8b 0d 08 be
0x00007ff8db191bc6:   b1 00 49 d3 e0 4c 03 05 f6 bd b1 00 eb 04 4c 8b
0x00007ff8db191bd6:   41 08 45 8b 48 08 45 85 c9 7e 0e 41 f6 c1 01 75
0x00007ff8db191be6:   53 41 c1 f9 03 49 63 c1 c3 79 49 84 c0 41 b8 0c
0x00007ff8db191bf6:   00 00 00 8b 05 f5 e3 b1 00 b9 10 00 00 00 41 0f
0x00007ff8db191c06:   45 c8 ff c8 4c 63 c0 41 8b c1 48 c1 f8 10 0f b6
0x00007ff8db191c16:   c0 48 63 14 11 41 8b c9 83 e1 3f 48 d3 e2 49 8d
0x00007ff8db191c26:   0c 10 49 f7 d0 48 03 c1 49 c1 e8 03 48 c1 e8 03
0x00007ff8db191c36:   49 23 c0 c3 49 8b 00 49 8b c8 48 ff a0 00 01 00
0x00007ff8db191c46:   00 cc cc cc cc cc cc cc cc cc 8b 44 24 30 45 03
0x00007ff8db191c56:   c9 44 2b 4c 24 28 83 c0 0b 44 03 ca 45 03 c8 41
0x00007ff8db191c66:   03 c1 c3 cc cc cc cc cc cc cc 4c 8b c2 48 8b d1
0x00007ff8db191c76:   45 8b 48 08 45 85 c9 7e 0e 41 f6 c1 01 75 56 41
0x00007ff8db191c86:   c1 f9 03 49 63 c1 c3 79 4c 80 3d 7b 45 b9 00 00
0x00007ff8db191c96:   b8 0c 00 00 00 b9 10 00 00 00 0f 45 c8 8b 05 4b
0x00007ff8db191ca6:   e3 b1 00 ff c8 4c 63 c0 41 8b c1 48 c1 f8 10 48
0x00007ff8db191cb6:   63 14 11 41 8b c9 83 e1 3f 0f b6 c0 48 d3 e2 49
0x00007ff8db191cc6:   8d 0c 10 49 f7 d0 48 03 c1 49 c1 e8 03 48 c1 e8
0x00007ff8db191cd6:   03 49 23 c0 c3 49 8b 00 49 8b c8 48 ff a0 00 01
0x00007ff8db191ce6:   00 00 cc cc cc cc cc cc cc cc 48 8b 41 08 0f b7
0x00007ff8db191cf6:   48 2a 0f b7 40 28 83 c0 48 03 c1 c3 cc cc cc cc
0x00007ff8db191d06:   cc cc cc cc cc cc cc cc cc cc 48 89 5c 24 08 57
0x00007ff8db191d16:   48 83 ec 20 0f b6 05 df 58 bd 00 48 8b fa 48 8b
0x00007ff8db191d26:   d9 84 c0 74 4f 48 85 15 86 50 bd 00 74 38 48 8b
0x00007ff8db191d36:   ca e8 44 9d 86 00 48 8b d0 48 85 db 74 25 48 85
0x00007ff8db191d46:   c0 74 20 48 8b c7 f0 48 0f b1 13 74 16 48 85 05
0x00007ff8db191d56:   5e 50 bd 00 74 0d 48 8b c8 f0 48 0f b1 13 48 3b
0x00007ff8db191d66:   c1 75 ea 48 8b fa 48 8b c7 48 8b 5c 24 30 48 83 


Stack slot to memory mapping:
stack at sp + 0 slots: 0x00007ff8db4a6de3 jvm.dll
stack at sp + 1 slots: 0x0000000100710001 is pointing into metadata
stack at sp + 2 slots: 0x000000dd558fdf90 points into unknown readable memory: 0x00000281924852a8 | a8 52 48 92 81 02 00 00
stack at sp + 3 slots: 0x00000281fce0f240 points into unknown readable memory: 0x00000281951ad7a4 | a4 d7 1a 95 81 02 00 00
stack at sp + 4 slots: 0x0 is NULL
stack at sp + 5 slots: 0x0 is NULL
stack at sp + 6 slots: 0x00000281fce0f280 points into unknown readable memory: 0x0000000500000000 | 00 00 00 00 05 00 00 00
stack at sp + 7 slots: 0x0000028194a70570 points into unknown readable memory: 0x00000281924852a8 | a8 52 48 92 81 02 00 00


---------------  P R O C E S S  ---------------

Threads class SMR info:
_java_thread_list=0x00000281953bf4f0, length=25, elements={
0x00000281fcc85020, 0x00000281fcc859c0, 0x00000281fcc565f0, 0x00000281fccad400,
0x00000281fccadcb0, 0x00000281fccaea60, 0x00000281fcdbc910, 0x00000281fcdbd200,
0x00000281fcdbea20, 0x00000281fcbe94e0, 0x00000281fd021760, 0x00000281fd0a4ca0,
0x00000281fd06a5c0, 0x00000281fdbfbe90, 0x00000281fed83e20, 0x00000281949c25f0,
0x00000281949c12b0, 0x00000281fda193a0, 0x00000281fda1dbd0, 0x00000281fda1e570,
0x00000281fda1ef10, 0x00000281fda1f3e0, 0x00000281fda19d40, 0x00000281fda1c890,
0x00000281fda1b080
}

Java Threads: ( => current thread )
  0x00000281fcc85020 JavaThread "Reference Handler" daemon [_thread_blocked, id=24620, stack(0x000000dd54300000,0x000000dd54400000)]
  0x00000281fcc859c0 JavaThread "Finalizer" daemon [_thread_blocked, id=29556, stack(0x000000dd54400000,0x000000dd54500000)]
  0x00000281fcc565f0 JavaThread "Signal Dispatcher" daemon [_thread_blocked, id=29360, stack(0x000000dd54500000,0x000000dd54600000)]
  0x00000281fccad400 JavaThread "Attach Listener" daemon [_thread_blocked, id=28936, stack(0x000000dd54600000,0x000000dd54700000)]
  0x00000281fccadcb0 JavaThread "Service Thread" daemon [_thread_blocked, id=32368, stack(0x000000dd54700000,0x000000dd54800000)]
  0x00000281fccaea60 JavaThread "Monitor Deflation Thread" daemon [_thread_blocked, id=28908, stack(0x000000dd54800000,0x000000dd54900000)]
  0x00000281fcdbc910 JavaThread "C2 CompilerThread0" daemon [_thread_blocked, id=32508, stack(0x000000dd54900000,0x000000dd54a00000)]
  0x00000281fcdbd200 JavaThread "C1 CompilerThread0" daemon [_thread_blocked, id=8292, stack(0x000000dd54a00000,0x000000dd54b00000)]
  0x00000281fcdbea20 JavaThread "Sweeper thread" daemon [_thread_blocked, id=31356, stack(0x000000dd54b00000,0x000000dd54c00000)]
  0x00000281fcbe94e0 JavaThread "Common-Cleaner" daemon [_thread_blocked, id=31156, stack(0x000000dd54c00000,0x000000dd54d00000)]
  0x00000281fd021760 JavaThread "JDWP Transport Listener: dt_socket" daemon [_thread_blocked, id=26092, stack(0x000000dd54d00000,0x000000dd54e00000)]
  0x00000281fd0a4ca0 JavaThread "JDWP Event Helper Thread" daemon [_thread_blocked, id=22612, stack(0x000000dd54e00000,0x000000dd54f00000)]
  0x00000281fd06a5c0 JavaThread "JDWP Command Reader" daemon [_thread_in_native, id=31220, stack(0x000000dd54f00000,0x000000dd55000000)]
  0x00000281fdbfbe90 JavaThread "Notification Thread" daemon [_thread_blocked, id=30492, stack(0x000000dd55100000,0x000000dd55200000)]
  0x00000281fed83e20 JavaThread "BufferPoolPruner-1-thread-1" daemon [_thread_blocked, id=31904, stack(0x000000dd56100000,0x000000dd56200000)]
  0x00000281949c25f0 JavaThread "Live Reload Server" daemon [_thread_in_native, id=27240, stack(0x000000dd56700000,0x000000dd56800000)]
  0x00000281949c12b0 JavaThread "DestroyJavaVM" [_thread_blocked, id=31200, stack(0x000000dd53c00000,0x000000dd53d00000)]
  0x00000281fda193a0 JavaThread "Thread-31" [_thread_blocked, id=32708, stack(0x000000dd55000000,0x000000dd55100000)]
  0x00000281fda1dbd0 JavaThread "File Watcher" daemon [_thread_blocked, id=29716, stack(0x000000dd55b00000,0x000000dd55c00000)]
  0x00000281fda1e570 JavaThread "File Watcher" daemon [_thread_blocked, id=33312, stack(0x000000dd55a00000,0x000000dd55b00000)]
  0x00000281fda1ef10 JavaThread "File Watcher" daemon [_thread_blocked, id=9132, stack(0x000000dd55d00000,0x000000dd55e00000)]
  0x00000281fda1f3e0 JavaThread "restartedMain" [_thread_blocked, id=24948, stack(0x000000dd53900000,0x000000dd53a00000)]
  0x00000281fda19d40 JavaThread "Catalina-utility-1" [_thread_blocked, id=33568, stack(0x000000dd53b00000,0x000000dd53c00000)]
  0x00000281fda1c890 JavaThread "Catalina-utility-2" [_thread_blocked, id=24824, stack(0x000000dd55c00000,0x000000dd55d00000)]
  0x00000281fda1b080 JavaThread "container-3" [_thread_blocked, id=32244, stack(0x000000dd55f00000,0x000000dd56000000)]

Other Threads:
  0x00000281fcc70af0 VMThread "VM Thread" [stack: 0x000000dd54200000,0x000000dd54300000] [id=26196]
  0x00000281fdbfc350 WatcherThread "VM Periodic Task Thread" [stack: 0x000000dd55200000,0x000000dd55300000] [id=25124]
  0x00000281f1e3e150 WorkerThread "GC Thread#0" [stack: 0x000000dd53d00000,0x000000dd53e00000] [id=32252]
  0x00000281fdd89ea0 WorkerThread "GC Thread#1" [stack: 0x000000dd55300000,0x000000dd55400000] [id=32172]
  0x00000281fdd8a140 WorkerThread "GC Thread#2" [stack: 0x000000dd55400000,0x000000dd55500000] [id=28484]
  0x00000281fe2528e0 WorkerThread "GC Thread#3" [stack: 0x000000dd55500000,0x000000dd55600000] [id=30392]
  0x00000281fddb2970 WorkerThread "GC Thread#4" [stack: 0x000000dd55600000,0x000000dd55700000] [id=24048]
  0x00000281fe23d920 WorkerThread "GC Thread#5" [stack: 0x000000dd55700000,0x000000dd55800000] [id=31524]
=>0x00000281fe2dc3e0 WorkerThread "GC Thread#6" [stack: 0x000000dd55800000,0x000000dd55900000] [id=12108]
  0x00000281fe2dca80 WorkerThread "GC Thread#7" [stack: 0x000000dd55900000,0x000000dd55a00000] [id=6356]
  0x00000281f1e501f0 ConcurrentGCThread "G1 Main Marker" [stack: 0x000000dd53e00000,0x000000dd53f00000] [id=23360]
  0x00000281f1e50be0 WorkerThread "G1 Conc#0" [stack: 0x000000dd53f00000,0x000000dd54000000] [id=29408]
  0x00000281fed436e0 WorkerThread "G1 Conc#1" [stack: 0x000000dd55e00000,0x000000dd55f00000] [id=29464]
  0x00000281fcab60b0 ConcurrentGCThread "G1 Refine#0" [stack: 0x000000dd54000000,0x000000dd54100000] [id=31496]
  0x00000281961d3d90 ConcurrentGCThread "G1 Refine#1" [stack: 0x000000dd56f00000,0x000000dd57000000] [id=25976]
  0x00000281fcab69c0 ConcurrentGCThread "G1 Service" [stack: 0x000000dd54100000,0x000000dd54200000] [id=8856]

Threads with active compile tasks:

VM state: at safepoint (normal execution)

VM Mutex/Monitor currently owned by a thread:  ([mutex/lock_event])
[0x00000281f1dcb7e0] Threads_lock - owner thread: 0x00000281fcc70af0
[0x00000281f1dcc0e0] Heap_lock - owner thread: 0x00000281fda1ef10

Heap address: 0x0000000083200000, size: 1998 MB, Compressed Oops mode: 32-bit

CDS archive(s) not mapped
Compressed class space mapped at: 0x0000000100000000-0x0000000140000000, reserved size: 1073741824
Narrow klass base: 0x0000000000000000, Narrow klass shift: 3, Narrow klass range: 0x140000000

GC Precious Log:
 CardTable entry size: 512
 Card Set container configuration: InlinePtr #cards 5 size 8 Array Of Cards #cards 12 size 40 Howl #buckets 4 coarsen threshold 1843 Howl Bitmap #cards 512 size 80 coarsen threshold 460 Card regions per heap region 1 cards per card region 2048
 CPUs: 8 total, 8 available
 Memory: 7987M
 Large Page Support: Disabled
 NUMA Support: Disabled
 Compressed Oops: Enabled (32-bit)
 Heap Region Size: 1M
 Heap Min Capacity: 8M
 Heap Initial Capacity: 126M
 Heap Max Capacity: 1998M
 Pre-touch: Disabled
 Parallel Workers: 8
 Concurrent Workers: 2
 Concurrent Refinement Workers: 8
 Periodic GC: Disabled

Heap:
 garbage-first heap   total 78848K, used 60139K [0x0000000083200000, 0x0000000100000000)
  region size 1024K, 40 young (40960K), 3 survivors (3072K)
 Metaspace       used 59533K, committed 60224K, reserved 1114112K
  class space    used 6762K, committed 7104K, reserved 1048576K

Heap Regions: E=young(eden), S=young(survivor), O=old, HS=humongous(starts), HC=humongous(continues), CS=collection set, F=free, OA=open archive, CA=closed archive, TAMS=top-at-mark-start (previous, next)
|   0|0x0000000083200000, 0x0000000083300000, 0x0000000083300000|100%| O|  |TAMS 0x0000000083300000, 0x0000000083200000| Untracked 
|   1|0x0000000083300000, 0x00000000833ffff8, 0x0000000083400000| 99%| O|  |TAMS 0x00000000833ffff8, 0x0000000083300000| Untracked 
|   2|0x0000000083400000, 0x00000000834ffff8, 0x0000000083500000| 99%| O|  |TAMS 0x00000000834ffff8, 0x0000000083400000| Untracked 
|   3|0x0000000083500000, 0x0000000083600000, 0x0000000083600000|100%| O|  |TAMS 0x0000000083600000, 0x0000000083500000| Untracked 
|   4|0x0000000083600000, 0x0000000083700000, 0x0000000083700000|100%| O|  |TAMS 0x0000000083700000, 0x0000000083600000| Untracked 
|   5|0x0000000083700000, 0x00000000837ffff8, 0x0000000083800000| 99%| O|  |TAMS 0x00000000837ffff8, 0x0000000083700000| Untracked 
|   6|0x0000000083800000, 0x00000000838fffe8, 0x0000000083900000| 99%| O|  |TAMS 0x00000000838fffe8, 0x0000000083800000| Untracked 
|   7|0x0000000083900000, 0x00000000839ffff0, 0x0000000083a00000| 99%| O|  |TAMS 0x00000000839ffff0, 0x0000000083900000| Untracked 
|   8|0x0000000083a00000, 0x0000000083afff48, 0x0000000083b00000| 99%| O|  |TAMS 0x0000000083afff48, 0x0000000083a00000| Untracked 
|   9|0x0000000083b00000, 0x0000000083bfffe8, 0x0000000083c00000| 99%| O|  |TAMS 0x0000000083bfffe8, 0x0000000083b00000| Untracked 
|  10|0x0000000083c00000, 0x0000000083cffff0, 0x0000000083d00000| 99%| O|  |TAMS 0x0000000083cffff0, 0x0000000083c00000| Untracked 
|  11|0x0000000083d00000, 0x0000000083dffff0, 0x0000000083e00000| 99%| O|  |TAMS 0x0000000083dffff0, 0x0000000083d00000| Untracked 
|  12|0x0000000083e00000, 0x0000000083efffe0, 0x0000000083f00000| 99%| O|  |TAMS 0x0000000083e00000, 0x0000000083e00000| Untracked 
|  13|0x0000000083f00000, 0x0000000084000000, 0x0000000084000000|100%| O|  |TAMS 0x0000000083f00000, 0x0000000083f00000| Untracked 
|  14|0x0000000084000000, 0x00000000840fffe0, 0x0000000084100000| 99%| O|  |TAMS 0x00000000840fffe0, 0x0000000084000000| Untracked 
|  15|0x0000000084100000, 0x00000000841fff98, 0x0000000084200000| 99%| O|  |TAMS 0x00000000841fff98, 0x0000000084100000| Untracked 
|  16|0x0000000084200000, 0x00000000842cf998, 0x0000000084300000| 81%| O|  |TAMS 0x0000000084200000, 0x0000000084200000| Untracked 
|  17|0x0000000084300000, 0x00000000843fffc0, 0x0000000084400000| 99%| O|  |TAMS 0x00000000843fffc0, 0x0000000084300000| Untracked 
|  18|0x0000000084400000, 0x00000000844ffff0, 0x0000000084500000| 99%| O|  |TAMS 0x0000000084400000, 0x0000000084400000| Untracked 
|  19|0x0000000084500000, 0x0000000084543048, 0x0000000084600000| 26%| O|  |TAMS 0x0000000084500000, 0x0000000084500000| Untracked 
|  20|0x0000000084600000, 0x000000008460d9f8, 0x0000000084700000|  5%| O|  |TAMS 0x0000000084600000, 0x0000000084600000| Untracked 
|  21|0x0000000084700000, 0x0000000084769250, 0x0000000084800000| 41%| O|  |TAMS 0x0000000084700000, 0x0000000084700000| Untracked 
|  22|0x0000000084800000, 0x0000000084839398, 0x0000000084900000| 22%| O|  |TAMS 0x0000000084800000, 0x0000000084800000| Untracked 
|  23|0x0000000084900000, 0x0000000084900000, 0x0000000084a00000|  0%| F|  |TAMS 0x0000000084900000, 0x0000000084900000| Untracked 
|  24|0x0000000084a00000, 0x0000000084a00000, 0x0000000084b00000|  0%| F|  |TAMS 0x0000000084a00000, 0x0000000084a00000| Untracked 
|  25|0x0000000084b00000, 0x0000000084b00000, 0x0000000084c00000|  0%| F|  |TAMS 0x0000000084b00000, 0x0000000084b00000| Untracked 
|  26|0x0000000084c00000, 0x0000000084c00000, 0x0000000084d00000|  0%| F|  |TAMS 0x0000000084c00000, 0x0000000084c00000| Untracked 
|  27|0x0000000084d00000, 0x0000000084d00000, 0x0000000084e00000|  0%| F|  |TAMS 0x0000000084d00000, 0x0000000084d00000| Untracked 
|  28|0x0000000084e00000, 0x0000000084e00000, 0x0000000084f00000|  0%| F|  |TAMS 0x0000000084e00000, 0x0000000084e00000| Untracked 
|  29|0x0000000084f00000, 0x0000000084f00000, 0x0000000085000000|  0%| F|  |TAMS 0x0000000084f00000, 0x0000000084f00000| Untracked 
|  30|0x0000000085000000, 0x0000000085000000, 0x0000000085100000|  0%| F|  |TAMS 0x0000000085000000, 0x0000000085000000| Untracked 
|  31|0x0000000085100000, 0x0000000085100000, 0x0000000085200000|  0%| F|  |TAMS 0x0000000085100000, 0x0000000085100000| Untracked 
|  32|0x0000000085200000, 0x0000000085200000, 0x0000000085300000|  0%| F|  |TAMS 0x0000000085200000, 0x0000000085200000| Untracked 
|  33|0x0000000085300000, 0x0000000085300000, 0x0000000085400000|  0%| F|  |TAMS 0x0000000085300000, 0x0000000085300000| Untracked 
|  34|0x0000000085400000, 0x0000000085400000, 0x0000000085500000|  0%| F|  |TAMS 0x0000000085400000, 0x0000000085400000| Untracked 
|  35|0x0000000085500000, 0x00000000855ce940, 0x0000000085600000| 80%| S|  |TAMS 0x0000000085500000, 0x0000000085500000| Complete 
|  36|0x0000000085600000, 0x0000000085700000, 0x0000000085700000|100%| S|  |TAMS 0x0000000085600000, 0x0000000085600000| Complete 
|  37|0x0000000085700000, 0x0000000085800000, 0x0000000085800000|100%| S|  |TAMS 0x0000000085700000, 0x0000000085700000| Complete 
|  38|0x0000000085800000, 0x00000000858f8470, 0x0000000085900000| 96%| E|CS|TAMS 0x0000000085800000, 0x0000000085800000| Complete 
|  39|0x0000000085900000, 0x0000000085a00000, 0x0000000085a00000|100%| E|CS|TAMS 0x0000000085900000, 0x0000000085900000| Complete 
|  40|0x0000000085a00000, 0x0000000085b00000, 0x0000000085b00000|100%| E|CS|TAMS 0x0000000085a00000, 0x0000000085a00000| Complete 
|  41|0x0000000085b00000, 0x0000000085c00000, 0x0000000085c00000|100%| E|CS|TAMS 0x0000000085b00000, 0x0000000085b00000| Complete 
|  42|0x0000000085c00000, 0x0000000085d00000, 0x0000000085d00000|100%| E|CS|TAMS 0x0000000085c00000, 0x0000000085c00000| Complete 
|  43|0x0000000085d00000, 0x0000000085e00000, 0x0000000085e00000|100%| E|CS|TAMS 0x0000000085d00000, 0x0000000085d00000| Complete 
|  44|0x0000000085e00000, 0x0000000085f00000, 0x0000000085f00000|100%| E|CS|TAMS 0x0000000085e00000, 0x0000000085e00000| Complete 
|  45|0x0000000085f00000, 0x0000000086000000, 0x0000000086000000|100%| E|CS|TAMS 0x0000000085f00000, 0x0000000085f00000| Complete 
|  46|0x0000000086000000, 0x0000000086100000, 0x0000000086100000|100%| E|CS|TAMS 0x0000000086000000, 0x0000000086000000| Complete 
|  47|0x0000000086100000, 0x0000000086200000, 0x0000000086200000|100%| E|CS|TAMS 0x0000000086100000, 0x0000000086100000| Complete 
|  48|0x0000000086200000, 0x0000000086300000, 0x0000000086300000|100%| E|CS|TAMS 0x0000000086200000, 0x0000000086200000| Complete 
|  49|0x0000000086300000, 0x0000000086400000, 0x0000000086400000|100%| E|CS|TAMS 0x0000000086300000, 0x0000000086300000| Complete 
|  50|0x0000000086400000, 0x0000000086500000, 0x0000000086500000|100%| E|CS|TAMS 0x0000000086400000, 0x0000000086400000| Complete 
|  51|0x0000000086500000, 0x0000000086600000, 0x0000000086600000|100%| E|CS|TAMS 0x0000000086500000, 0x0000000086500000| Complete 
|  52|0x0000000086600000, 0x0000000086700000, 0x0000000086700000|100%| E|CS|TAMS 0x0000000086600000, 0x0000000086600000| Complete 
|  53|0x0000000086700000, 0x0000000086800000, 0x0000000086800000|100%| E|CS|TAMS 0x0000000086700000, 0x0000000086700000| Complete 
|  54|0x0000000086800000, 0x0000000086900000, 0x0000000086900000|100%| E|CS|TAMS 0x0000000086800000, 0x0000000086800000| Complete 
|  55|0x0000000086900000, 0x0000000086a00000, 0x0000000086a00000|100%| E|CS|TAMS 0x0000000086900000, 0x0000000086900000| Complete 
|  56|0x0000000086a00000, 0x0000000086b00000, 0x0000000086b00000|100%| E|CS|TAMS 0x0000000086a00000, 0x0000000086a00000| Complete 
|  57|0x0000000086b00000, 0x0000000086c00000, 0x0000000086c00000|100%| E|CS|TAMS 0x0000000086b00000, 0x0000000086b00000| Complete 
|  58|0x0000000086c00000, 0x0000000086d00000, 0x0000000086d00000|100%| E|CS|TAMS 0x0000000086c00000, 0x0000000086c00000| Complete 
|  59|0x0000000086d00000, 0x0000000086e00000, 0x0000000086e00000|100%| E|CS|TAMS 0x0000000086d00000, 0x0000000086d00000| Complete 
|  60|0x0000000086e00000, 0x0000000086f00000, 0x0000000086f00000|100%| E|CS|TAMS 0x0000000086e00000, 0x0000000086e00000| Complete 
|  61|0x0000000086f00000, 0x0000000087000000, 0x0000000087000000|100%| E|CS|TAMS 0x0000000086f00000, 0x0000000086f00000| Complete 
|  62|0x0000000087000000, 0x0000000087100000, 0x0000000087100000|100%| E|CS|TAMS 0x0000000087000000, 0x0000000087000000| Complete 
|  63|0x0000000087100000, 0x0000000087200000, 0x0000000087200000|100%| E|CS|TAMS 0x0000000087100000, 0x0000000087100000| Complete 
|  64|0x0000000087200000, 0x0000000087300000, 0x0000000087300000|100%| E|CS|TAMS 0x0000000087200000, 0x0000000087200000| Complete 
|  65|0x0000000087300000, 0x0000000087400000, 0x0000000087400000|100%| E|CS|TAMS 0x0000000087300000, 0x0000000087300000| Complete 
|  66|0x0000000087400000, 0x0000000087500000, 0x0000000087500000|100%| E|CS|TAMS 0x0000000087400000, 0x0000000087400000| Complete 
|  67|0x0000000087500000, 0x0000000087600000, 0x0000000087600000|100%| E|CS|TAMS 0x0000000087500000, 0x0000000087500000| Complete 
|  68|0x0000000087600000, 0x0000000087700000, 0x0000000087700000|100%| E|CS|TAMS 0x0000000087600000, 0x0000000087600000| Complete 
|  69|0x0000000087700000, 0x0000000087800000, 0x0000000087800000|100%| E|CS|TAMS 0x0000000087700000, 0x0000000087700000| Complete 
|  70|0x0000000087800000, 0x0000000087900000, 0x0000000087900000|100%| E|CS|TAMS 0x0000000087800000, 0x0000000087800000| Complete 
|  71|0x0000000087900000, 0x0000000087a00000, 0x0000000087a00000|100%| E|CS|TAMS 0x0000000087900000, 0x0000000087900000| Complete 
|  72|0x0000000087a00000, 0x0000000087b00000, 0x0000000087b00000|100%| E|CS|TAMS 0x0000000087a00000, 0x0000000087a00000| Complete 
|  73|0x0000000087b00000, 0x0000000087c00000, 0x0000000087c00000|100%| E|CS|TAMS 0x0000000087b00000, 0x0000000087b00000| Complete 
|  74|0x0000000087c00000, 0x0000000087d00000, 0x0000000087d00000|100%| E|CS|TAMS 0x0000000087c00000, 0x0000000087c00000| Complete 
|  75|0x0000000087d00000, 0x0000000087e00000, 0x0000000087e00000|100%| E|CS|TAMS 0x0000000087d00000, 0x0000000087d00000| Complete 
|  76|0x0000000087e00000, 0x0000000087f00000, 0x0000000087f00000|100%| E|CS|TAMS 0x0000000087e00000, 0x0000000087e00000| Complete 

Card table byte_map: [0x00000281f5bd0000,0x00000281f5fc0000] _byte_map_base: 0x00000281f57b7000

Marking Bits (Prev, Next): (CMBitMap*) 0x00000281f1e3e750, (CMBitMap*) 0x00000281f1e3e790
 Prev Bits: [0x00000281f63b0000, 0x00000281f82e8000)
 Next Bits: [0x00000281f82f0000, 0x00000281fa228000)

Polling page: 0x00000281efde0000

Metaspace:

Usage:
  Non-class:     51.53 MB used.
      Class:      6.60 MB used.
       Both:     58.14 MB used.

Virtual space:
  Non-class space:       64.00 MB reserved,      51.88 MB ( 81%) committed,  1 nodes.
      Class space:        1.00 GB reserved,       6.94 MB ( <1%) committed,  1 nodes.
             Both:        1.06 GB reserved,      58.81 MB (  5%) committed. 

Chunk freelists:
   Non-Class:  3.39 MB
       Class:  943.00 KB
        Both:  4.31 MB

MaxMetaspaceSize: unlimited
CompressedClassSpaceSize: 1.00 GB
Initial GC threshold: 21.00 MB
Current GC threshold: 96.88 MB
CDS: off
MetaspaceReclaimPolicy: balanced
 - commit_granule_bytes: 65536.
 - commit_granule_words: 8192.
 - virtual_space_node_default_size: 8388608.
 - enlarge_chunks_in_place: 1.
 - new_chunks_are_fully_committed: 0.
 - uncommit_free_chunks: 1.
 - use_allocation_guard: 0.


Internal statistics:

num_allocs_failed_limit: 6.
num_arena_births: 852.
num_arena_deaths: 14.
num_vsnodes_births: 2.
num_vsnodes_deaths: 0.
num_space_committed: 941.
num_space_uncommitted: 0.
num_chunks_returned_to_freelist: 20.
num_chunks_taken_from_freelist: 2771.
num_chunk_merges: 6.
num_chunk_splits: 1851.
num_chunks_enlarged: 1402.
num_inconsistent_stats: 0.

CodeHeap 'non-profiled nmethods': size=120000Kb used=8166Kb max_used=8166Kb free=111833Kb
 bounds [0x0000028187ad0000, 0x00000281882d0000, 0x000002818f000000]
CodeHeap 'profiled nmethods': size=120000Kb used=18517Kb max_used=18517Kb free=101482Kb
 bounds [0x00000281805a0000, 0x00000281817c0000, 0x0000028187ad0000]
CodeHeap 'non-nmethods': size=5760Kb used=1352Kb max_used=1433Kb free=4407Kb
 bounds [0x0000028180000000, 0x0000028180270000, 0x00000281805a0000]
 total_blobs=8897 nmethods=8322 adapters=486
 compilation: enabled
              stopped_count=0, restarted_count=0
 full_count=0

Compilation events (20 events):
Event: 987.840 Thread 0x00000281fcdbd200 nmethod 9654 0x00000281817b3890 code [0x00000281817b3a60, 0x00000281817b3dd8]
Event: 987.841 Thread 0x00000281fcdbd200 9655       3       org.springframework.core.log.LogDelegateFactory::getCompositeLog (43 bytes)
Event: 987.842 Thread 0x00000281fcdbd200 nmethod 9655 0x00000281817b3f10 code [0x00000281817b4160, 0x00000281817b4c98]
Event: 987.844 Thread 0x00000281fcdbd200 9656       1       org.apache.tomcat.util.descriptor.web.XmlEncodingBase::getCharset (5 bytes)
Event: 987.844 Thread 0x00000281fcdbd200 nmethod 9656 0x00000281882c3f90 code [0x00000281882c4120, 0x00000281882c41f8]
Event: 987.844 Thread 0x00000281fcdbd200 9657       3       org.apache.tomcat.util.collections.ManagedConcurrentWeakHashMap::get (21 bytes)
Event: 987.844 Thread 0x00000281fcdbd200 nmethod 9657 0x00000281817b5190 code [0x00000281817b5380, 0x00000281817b5888]
Event: 987.844 Thread 0x00000281fcdbd200 9658       3       org.apache.tomcat.util.collections.ManagedConcurrentWeakHashMap::createLookupKey (10 bytes)
Event: 987.845 Thread 0x00000281fcdbd200 nmethod 9658 0x00000281817b5a90 code [0x00000281817b5c60, 0x00000281817b6108]
Event: 987.858 Thread 0x00000281fcdbc910 nmethod 9643 0x00000281882c4290 code [0x00000281882c4580, 0x00000281882c71b8]
Event: 987.859 Thread 0x00000281fcdbc910 9649       4       java.lang.invoke.DirectMethodHandle$Holder::newInvokeSpecial (28 bytes)
Event: 987.860 Thread 0x00000281fcdbc910 nmethod 9649 0x00000281882c8390 code [0x00000281882c8520, 0x00000281882c8728]
Event: 992.283 Thread 0x00000281fcdbc910 9659       4       java.io.File::equals (28 bytes)
Event: 992.292 Thread 0x00000281fcdbc910 nmethod 9659 0x00000281882c8910 code [0x00000281882c8aa0, 0x00000281882c8f98]
Event: 1047.854 Thread 0x00000281fcdbc910 9660       4       java.util.concurrent.ThreadPoolExecutor::afterExecute (1 bytes)
Event: 1047.854 Thread 0x00000281fcdbc910 nmethod 9660 0x00000281882c9510 code [0x00000281882c9680, 0x00000281882c96f8]
Event: 1137.960 Thread 0x00000281fcdbd200 9662       3       java.util.TreeSet::<init> (10 bytes)
Event: 1137.961 Thread 0x00000281fcdbd200 nmethod 9662 0x00000281817b6310 code [0x00000281817b64c0, 0x00000281817b6738]
Event: 1137.961 Thread 0x00000281fcdbd200 9661       1       org.apache.catalina.core.StandardContext::getThreadBindingListener (5 bytes)
Event: 1137.961 Thread 0x00000281fcdbd200 nmethod 9661 0x00000281882c9810 code [0x00000281882c99a0, 0x00000281882c9a78]

GC Heap History (20 events):
Event: 699.724 GC heap after
{Heap after GC invocations=46 (full 6):
 garbage-first heap   total 71680K, used 24597K [0x0000000083200000, 0x0000000100000000)
  region size 1024K, 2 young (2048K), 2 survivors (2048K)
 Metaspace       used 58501K, committed 59200K, reserved 1114112K
  class space    used 6669K, committed 6976K, reserved 1048576K
}
Event: 699.841 GC heap before
{Heap before GC invocations=46 (full 6):
 garbage-first heap   total 71680K, used 53269K [0x0000000083200000, 0x0000000100000000)
  region size 1024K, 31 young (31744K), 2 survivors (2048K)
 Metaspace       used 58505K, committed 59200K, reserved 1114112K
  class space    used 6669K, committed 6976K, reserved 1048576K
}
Event: 699.843 GC heap after
{Heap after GC invocations=47 (full 6):
 garbage-first heap   total 71680K, used 25253K [0x0000000083200000, 0x0000000100000000)
  region size 1024K, 3 young (3072K), 3 survivors (3072K)
 Metaspace       used 58505K, committed 59200K, reserved 1114112K
  class space    used 6669K, committed 6976K, reserved 1048576K
}
Event: 735.097 GC heap before
{Heap before GC invocations=47 (full 6):
 garbage-first heap   total 71680K, used 45733K [0x0000000083200000, 0x0000000100000000)
  region size 1024K, 25 young (25600K), 3 survivors (3072K)
 Metaspace       used 58642K, committed 59264K, reserved 1114112K
  class space    used 6677K, committed 6976K, reserved 1048576K
}
Event: 735.129 GC heap after
{Heap after GC invocations=48 (full 7):
 garbage-first heap   total 71680K, used 20120K [0x0000000083200000, 0x0000000100000000)
  region size 1024K, 0 young (0K), 0 survivors (0K)
 Metaspace       used 58639K, committed 59264K, reserved 1114112K
  class space    used 6676K, committed 6976K, reserved 1048576K
}
Event: 735.478 GC heap before
{Heap before GC invocations=48 (full 7):
 garbage-first heap   total 71680K, used 53912K [0x0000000083200000, 0x0000000100000000)
  region size 1024K, 34 young (34816K), 0 survivors (0K)
 Metaspace       used 58769K, committed 59392K, reserved 1114112K
  class space    used 6684K, committed 6976K, reserved 1048576K
}
Event: 735.480 GC heap after
{Heap after GC invocations=49 (full 7):
 garbage-first heap   total 71680K, used 23153K [0x0000000083200000, 0x0000000100000000)
  region size 1024K, 3 young (3072K), 3 survivors (3072K)
 Metaspace       used 58769K, committed 59392K, reserved 1114112K
  class space    used 6684K, committed 6976K, reserved 1048576K
}
Event: 735.545 GC heap before
{Heap before GC invocations=49 (full 7):
 garbage-first heap   total 71680K, used 53873K [0x0000000083200000, 0x0000000100000000)
  region size 1024K, 34 young (34816K), 3 survivors (3072K)
 Metaspace       used 58770K, committed 59392K, reserved 1114112K
  class space    used 6684K, committed 6976K, reserved 1048576K
}
Event: 735.548 GC heap after
{Heap after GC invocations=50 (full 7):
 garbage-first heap   total 71680K, used 25020K [0x0000000083200000, 0x0000000100000000)
  region size 1024K, 3 young (3072K), 3 survivors (3072K)
 Metaspace       used 58770K, committed 59392K, reserved 1114112K
  class space    used 6684K, committed 6976K, reserved 1048576K
}
Event: 735.604 GC heap before
{Heap before GC invocations=50 (full 7):
 garbage-first heap   total 71680K, used 53692K [0x0000000083200000, 0x0000000100000000)
  region size 1024K, 32 young (32768K), 3 survivors (3072K)
 Metaspace       used 58770K, committed 59392K, reserved 1114112K
  class space    used 6684K, committed 6976K, reserved 1048576K
}
Event: 735.606 GC heap after
{Heap after GC invocations=51 (full 7):
 garbage-first heap   total 88064K, used 25834K [0x0000000083200000, 0x0000000100000000)
  region size 1024K, 3 young (3072K), 3 survivors (3072K)
 Metaspace       used 58770K, committed 59392K, reserved 1114112K
  class space    used 6684K, committed 6976K, reserved 1048576K
}
Event: 761.642 GC heap before
{Heap before GC invocations=51 (full 7):
 garbage-first heap   total 88064K, used 45290K [0x0000000083200000, 0x0000000100000000)
  region size 1024K, 23 young (23552K), 3 survivors (3072K)
 Metaspace       used 58877K, committed 59520K, reserved 1114112K
  class space    used 6692K, committed 6976K, reserved 1048576K
}
Event: 761.672 GC heap after
{Heap after GC invocations=52 (full 8):
 garbage-first heap   total 78848K, used 20233K [0x0000000083200000, 0x0000000100000000)
  region size 1024K, 0 young (0K), 0 survivors (0K)
 Metaspace       used 58874K, committed 59520K, reserved 1114112K
  class space    used 6692K, committed 6976K, reserved 1048576K
}
Event: 778.731 GC heap before
{Heap before GC invocations=52 (full 8):
 garbage-first heap   total 78848K, used 58121K [0x0000000083200000, 0x0000000100000000)
  region size 1024K, 37 young (37888K), 0 survivors (0K)
 Metaspace       used 59235K, committed 59904K, reserved 1114112K
  class space    used 6738K, committed 7040K, reserved 1048576K
}
Event: 778.734 GC heap after
{Heap after GC invocations=53 (full 8):
 garbage-first heap   total 78848K, used 22281K [0x0000000083200000, 0x0000000100000000)
  region size 1024K, 2 young (2048K), 2 survivors (2048K)
 Metaspace       used 59235K, committed 59904K, reserved 1114112K
  class space    used 6738K, committed 7040K, reserved 1048576K
}
Event: 780.609 GC heap before
{Heap before GC invocations=53 (full 8):
 garbage-first heap   total 78848K, used 59145K [0x0000000083200000, 0x0000000100000000)
  region size 1024K, 38 young (38912K), 2 survivors (2048K)
 Metaspace       used 59352K, committed 60032K, reserved 1114112K
  class space    used 6746K, committed 7040K, reserved 1048576K
}
Event: 780.611 GC heap after
{Heap after GC invocations=54 (full 8):
 garbage-first heap   total 78848K, used 22540K [0x0000000083200000, 0x0000000100000000)
  region size 1024K, 3 young (3072K), 3 survivors (3072K)
 Metaspace       used 59352K, committed 60032K, reserved 1114112K
  class space    used 6746K, committed 7040K, reserved 1048576K
}
Event: 987.669 GC heap before
{Heap before GC invocations=54 (full 8):
 garbage-first heap   total 78848K, used 59404K [0x0000000083200000, 0x0000000100000000)
  region size 1024K, 39 young (39936K), 3 survivors (3072K)
 Metaspace       used 59447K, committed 60160K, reserved 1114112K
  class space    used 6754K, committed 7104K, reserved 1048576K
}
Event: 987.671 GC heap after
{Heap after GC invocations=55 (full 8):
 garbage-first heap   total 78848K, used 22251K [0x0000000083200000, 0x0000000100000000)
  region size 1024K, 2 young (2048K), 2 survivors (2048K)
 Metaspace       used 59447K, committed 60160K, reserved 1114112K
  class space    used 6754K, committed 7104K, reserved 1048576K
}
Event: 1159.634 GC heap before
{Heap before GC invocations=55 (full 8):
 garbage-first heap   total 78848K, used 60139K [0x0000000083200000, 0x0000000100000000)
  region size 1024K, 39 young (39936K), 2 survivors (2048K)
 Metaspace       used 59533K, committed 60224K, reserved 1114112K
  class space    used 6762K, committed 7104K, reserved 1048576K
}

Deoptimization events (20 events):
Event: 987.842 Thread 0x00000281fda1f3e0 Uncommon trap: trap_request=0xffffff97 fr.pc=0x0000028187ef4f94 relative=0x00000000000000f4
Event: 987.842 Thread 0x00000281fda1f3e0 Uncommon trap: reason=unhandled action=none pc=0x0000028187ef4f94 method=jdk.internal.loader.BuiltinClassLoader.loadClass(Ljava/lang/String;Z)Ljava/lang/Class; @ 19 c2
Event: 987.842 Thread 0x00000281fda1f3e0 DEOPT PACKING pc=0x0000028187ef4f94 sp=0x000000dd539fb5d0
Event: 987.842 Thread 0x00000281fda1f3e0 DEOPT UNPACKING pc=0x0000028180055c23 sp=0x000000dd539fb4f0 mode 2
Event: 987.842 Thread 0x00000281fda1f3e0 DEOPT PACKING pc=0x0000028187de1c48 sp=0x000000dd539fb620
Event: 987.842 Thread 0x00000281fda1f3e0 DEOPT UNPACKING pc=0x0000028180056763 sp=0x000000dd539faab8 mode 1
Event: 987.842 Thread 0x00000281fda1f3e0 DEOPT PACKING pc=0x0000028187c8fcc4 sp=0x000000dd539fbfe0
Event: 987.842 Thread 0x00000281fda1f3e0 DEOPT UNPACKING pc=0x0000028180056763 sp=0x000000dd539fb3f0 mode 1
Event: 987.842 Thread 0x00000281fda1f3e0 DEOPT PACKING pc=0x00000281816103e4 sp=0x000000dd539fc0e0
Event: 987.842 Thread 0x00000281fda1f3e0 DEOPT UNPACKING pc=0x0000028180056763 sp=0x000000dd539fb5e0 mode 1
Event: 987.844 Thread 0x00000281fda1f3e0 DEOPT PACKING pc=0x00000281817599a4 sp=0x000000dd539fd760
Event: 987.844 Thread 0x00000281fda1f3e0 DEOPT UNPACKING pc=0x0000028180056763 sp=0x000000dd539fcbe0 mode 1
Event: 987.846 Thread 0x00000281fda1f3e0 Uncommon trap: trap_request=0xffffff97 fr.pc=0x00000281881ef020 relative=0x0000000000000d40
Event: 987.846 Thread 0x00000281fda1f3e0 Uncommon trap: reason=unhandled action=none pc=0x00000281881ef020 method=java.net.URLClassLoader.findClass(Ljava/lang/String;)Ljava/lang/Class; @ 44 c2
Event: 987.846 Thread 0x00000281fda1f3e0 DEOPT PACKING pc=0x00000281881ef020 sp=0x000000dd539fd460
Event: 987.846 Thread 0x00000281fda1f3e0 DEOPT UNPACKING pc=0x0000028180055c23 sp=0x000000dd539fd3f8 mode 2
Event: 987.846 Thread 0x00000281fda1f3e0 DEOPT PACKING pc=0x0000028188265c98 sp=0x000000dd539fd520
Event: 987.846 Thread 0x00000281fda1f3e0 DEOPT UNPACKING pc=0x0000028180056763 sp=0x000000dd539fc9d0 mode 1
Event: 991.420 Thread 0x00000281fda1f3e0 DEOPT PACKING pc=0x000002818096824c sp=0x000000dd539fe1e0
Event: 991.420 Thread 0x00000281fda1f3e0 DEOPT UNPACKING pc=0x0000028180056763 sp=0x000000dd539fd698 mode 0

Classes loaded (20 events):
Event: 735.704 Loading class java/lang/ObjectCustomizer
Event: 735.704 Loading class java/lang/ObjectCustomizer done
Event: 735.705 Loading class java/lang/ObjectCustomizer
Event: 735.705 Loading class java/lang/ObjectCustomizer done
Event: 735.709 Loading class java/lang/ObjectCustomizer
Event: 735.709 Loading class java/lang/ObjectCustomizer done
Event: 735.710 Loading class java/lang/ObjectCustomizer
Event: 735.710 Loading class java/lang/ObjectCustomizer done
Event: 735.715 Loading class java/lang/ObjectCustomizer
Event: 735.715 Loading class java/lang/ObjectCustomizer done
Event: 735.715 Loading class java/lang/ObjectCustomizer
Event: 735.715 Loading class java/lang/ObjectCustomizer done
Event: 735.722 Loading class java/lang/ObjectCustomizer
Event: 735.722 Loading class java/lang/ObjectCustomizer done
Event: 735.722 Loading class java/lang/ObjectCustomizer
Event: 735.722 Loading class java/lang/ObjectCustomizer done
Event: 761.963 Loading class sun/reflect/Reflection
Event: 761.963 Loading class sun/reflect/Reflection done
Event: 761.964 Loading class java/security/AllPermissionCollection
Event: 761.964 Loading class java/security/AllPermissionCollection done

Classes unloaded (7 events):
Event: 585.590 Thread 0x00000281fcc70af0 Unloading class 0x00000001006d8000 'org/apache/catalina/loader/JdbcLeakPrevention'
Event: 590.254 Thread 0x00000281fcc70af0 Unloading class 0x00000001006de000 'org/apache/catalina/loader/JdbcLeakPrevention'
Event: 661.872 Thread 0x00000281fcc70af0 Unloading class 0x00000001006e1c00 'org/apache/catalina/loader/JdbcLeakPrevention'
Event: 671.271 Thread 0x00000281fcc70af0 Unloading class 0x00000001006e6400 'org/apache/catalina/loader/JdbcLeakPrevention'
Event: 699.009 Thread 0x00000281fcc70af0 Unloading class 0x00000001006ec000 'org/apache/catalina/loader/JdbcLeakPrevention'
Event: 735.106 Thread 0x00000281fcc70af0 Unloading class 0x00000001006f1800 'org/apache/catalina/loader/JdbcLeakPrevention'
Event: 761.651 Thread 0x00000281fcc70af0 Unloading class 0x00000001006f4800 'org/apache/catalina/loader/JdbcLeakPrevention'

Classes redefined (6 events):
Event: 669.998 Thread 0x00000281fcc70af0 redefined class name=com.project.onboarding.controller.OnboardingStatusController, count=1
Event: 698.481 Thread 0x00000281fcc70af0 redefined class name=com.project.onboarding.controller.OnboardingStatusController, count=1
Event: 698.481 Thread 0x00000281fcc70af0 redefined class name=com.project.onboarding.controller.OnboardingStatusController, count=2
Event: 733.544 Thread 0x00000281fcc70af0 redefined class name=com.project.onboarding.controller.OnboardingStatusController, count=2
Event: 733.544 Thread 0x00000281fcc70af0 redefined class name=com.project.onboarding.controller.OnboardingStatusController, count=1
Event: 733.544 Thread 0x00000281fcc70af0 redefined class name=com.project.onboarding.controller.OnboardingStatusController, count=3

Internal exceptions (20 events):
Event: 780.454 Thread 0x00000281fda1ef10 Exception <a 'sun/nio/fs/WindowsException'{0x0000000086b0eaa8}> (0x0000000086b0eaa8) 
thrown [s\src\hotspot\share\prims\jni.cpp, line 516]
Event: 780.634 Thread 0x00000281fda1ef10 Exception <a 'java/lang/NoClassDefFoundError'{0x0000000087df8eb0}: org/flywaydb/core/Flyway> (0x0000000087df8eb0) 
thrown [s\src\hotspot\share\oops\constantPool.cpp, line 836]
Event: 780.634 Thread 0x00000281fda1ef10 Exception <a 'java/lang/NoClassDefFoundError'{0x0000000087df9500}: liquibase/integration/spring/SpringLiquibase> (0x0000000087df9500) 
thrown [s\src\hotspot\share\oops\constantPool.cpp, line 836]
Event: 780.658 Thread 0x00000281fda1ef10 Exception <a 'sun/nio/fs/WindowsException'{0x0000000087832cc0}> (0x0000000087832cc0) 
thrown [s\src\hotspot\share\prims\jni.cpp, line 516]
Event: 780.658 Thread 0x00000281fda1ef10 Exception <a 'sun/nio/fs/WindowsException'{0x00000000878333e8}> (0x00000000878333e8) 
thrown [s\src\hotspot\share\prims\jni.cpp, line 516]
Event: 780.658 Thread 0x00000281fda1ef10 Exception <a 'sun/nio/fs/WindowsException'{0x0000000087833ae0}> (0x0000000087833ae0) 
thrown [s\src\hotspot\share\prims\jni.cpp, line 516]
Event: 780.665 Thread 0x00000281fda1ef10 Exception <a 'java/io/FileNotFoundException'{0x0000000087883378}> (0x0000000087883378) 
thrown [s\src\hotspot\share\prims\jni.cpp, line 516]
Event: 780.674 Thread 0x00000281fda1ef10 Exception <a 'java/io/FileNotFoundException'{0x00000000877844b8}> (0x00000000877844b8) 
thrown [s\src\hotspot\share\prims\jni.cpp, line 516]
Event: 780.677 Thread 0x00000281fda1ef10 Exception <a 'java/lang/NoClassDefFoundError'{0x0000000087795db8}: Employee> (0x0000000087795db8) 
thrown [s\src\hotspot\share\classfile\systemDictionary.cpp, line 244]
Event: 780.680 Thread 0x00000281fda18a00 Exception <a 'java/lang/InterruptedException'{0x0000000087600040}: sleep interrupted> (0x0000000087600040) 
thrown [s\src\hotspot\share\prims\jvm.cpp, line 3083]
Event: 780.685 Thread 0x00000281fda1ef10 Exception <a 'java/lang/NoClassDefFoundError'{0x0000000087614008}: liquibase/exception/ChangeLogParseException> (0x0000000087614008) 
thrown [s\src\hotspot\share\classfile\systemDictionary.cpp, line 244]
Event: 780.686 Thread 0x00000281fda1ef10 Exception <a 'java/lang/NoClassDefFoundError'{0x000000008761e978}: org/springframework/jdbc/CannotGetJdbcConnectionException> (0x000000008761e978) 
thrown [s\src\hotspot\share\classfile\systemDictionary.cpp, line 244]
Event: 987.595 Thread 0x00000281fda1f3e0 Exception <a 'sun/nio/fs/WindowsException'{0x0000000086057e40}> (0x0000000086057e40) 
thrown [s\src\hotspot\share\prims\jni.cpp, line 516]
Event: 987.798 Thread 0x00000281fda1f3e0 Exception <a 'java/lang/NoClassDefFoundError'{0x00000000871226f8}: org/flywaydb/core/Flyway> (0x00000000871226f8) 
thrown [s\src\hotspot\share\oops\constantPool.cpp, line 836]
Event: 987.799 Thread 0x00000281fda1f3e0 Exception <a 'java/lang/NoClassDefFoundError'{0x0000000087122d48}: liquibase/integration/spring/SpringLiquibase> (0x0000000087122d48) 
thrown [s\src\hotspot\share\oops\constantPool.cpp, line 836]
Event: 987.827 Thread 0x00000281fda1f3e0 Exception <a 'sun/nio/fs/WindowsException'{0x0000000086d5f408}> (0x0000000086d5f408) 
thrown [s\src\hotspot\share\prims\jni.cpp, line 516]
Event: 987.828 Thread 0x00000281fda1f3e0 Exception <a 'sun/nio/fs/WindowsException'{0x0000000086d5fb30}> (0x0000000086d5fb30) 
thrown [s\src\hotspot\share\prims\jni.cpp, line 516]
Event: 987.828 Thread 0x00000281fda1f3e0 Exception <a 'sun/nio/fs/WindowsException'{0x0000000086d60228}> (0x0000000086d60228) 
thrown [s\src\hotspot\share\prims\jni.cpp, line 516]
Event: 987.834 Thread 0x00000281fda1f3e0 Exception <a 'java/io/FileNotFoundException'{0x0000000086db4b48}> (0x0000000086db4b48) 
thrown [s\src\hotspot\share\prims\jni.cpp, line 516]
Event: 987.844 Thread 0x00000281fda1f3e0 Exception <a 'java/io/FileNotFoundException'{0x0000000086cbaf98}> (0x0000000086cbaf98) 
thrown [s\src\hotspot\share\prims\jni.cpp, line 516]

VM Operations (20 events):
Event: 991.505 Executing VM operation: get/set locals done
Event: 991.505 Executing VM operation: get/set locals
Event: 991.505 Executing VM operation: get/set locals done
Event: 991.505 Executing VM operation: get/set locals
Event: 991.506 Executing VM operation: get/set locals done
Event: 991.506 Executing VM operation: get/set locals
Event: 991.506 Executing VM operation: get/set locals done
Event: 991.506 Executing VM operation: get/set locals
Event: 991.506 Executing VM operation: get/set locals done
Event: 991.506 Executing VM operation: get/set locals
Event: 991.507 Executing VM operation: get/set locals done
Event: 991.507 Executing VM operation: get/set locals
Event: 991.507 Executing VM operation: get/set locals done
Event: 991.507 Executing VM operation: get/set locals
Event: 991.507 Executing VM operation: get/set locals done
Event: 991.507 Executing VM operation: get/set locals
Event: 991.507 Executing VM operation: get/set locals done
Event: 991.508 Executing VM operation: get/set locals
Event: 991.508 Executing VM operation: get/set locals done
Event: 1159.633 Executing VM operation: G1CollectForAllocation

Events (20 events):
Event: 780.442 Thread 0x00000281fda1ef10 Thread added: 0x00000281fda1ef10
Event: 780.444 Thread 0x00000281951a9980 Thread exited: 0x00000281951a9980
Event: 780.478 Thread 0x00000281fda19870 Thread added: 0x00000281fda19870
Event: 780.507 Thread 0x00000281fda19870 Thread exited: 0x00000281fda19870
Event: 780.603 Thread 0x00000281951a6bf0 Thread added: 0x00000281951a6bf0
Event: 780.674 Thread 0x00000281fda1d700 Thread added: 0x00000281fda1d700
Event: 780.674 Thread 0x00000281fda19870 Thread added: 0x00000281fda19870
Event: 780.675 Thread 0x00000281fda18a00 Thread added: 0x00000281fda18a00
Event: 780.680 Thread 0x00000281fda18a00 Thread exited: 0x00000281fda18a00
Event: 780.681 Thread 0x00000281fda19870 Thread exited: 0x00000281fda19870
Event: 780.681 Thread 0x00000281fda1d700 Thread exited: 0x00000281fda1d700
Event: 780.688 Thread 0x00000281fda1ef10 Thread exited: 0x00000281fda1ef10
Event: 780.689 Thread 0x00000281fda1ef10 Thread added: 0x00000281fda1ef10
Event: 785.699 Thread 0x00000281951a6bf0 Thread exited: 0x00000281951a6bf0
Event: 987.580 Thread 0x00000281fda1f3e0 Thread added: 0x00000281fda1f3e0
Event: 987.623 Thread 0x00000281fda1f8b0 Thread added: 0x00000281fda1f8b0
Event: 987.656 Thread 0x00000281fda1f8b0 Thread exited: 0x00000281fda1f8b0
Event: 987.844 Thread 0x00000281fda19d40 Thread added: 0x00000281fda19d40
Event: 987.845 Thread 0x00000281fda1c890 Thread added: 0x00000281fda1c890
Event: 987.845 Thread 0x00000281fda1b080 Thread added: 0x00000281fda1b080


Dynamic libraries:
0x00007ff78bb50000 - 0x00007ff78bb5e000 	C:\Users\Vanisha Jubin\.p2\pool\plugins\org.eclipse.justj.openjdk.hotspot.jre.full.win32.x86_64_18.0.1.v20220515-1614\jre\bin\javaw.exe
0x00007ff939500000 - 0x00007ff939709000 	C:\WINDOWS\SYSTEM32\ntdll.dll
0x00007ff938460000 - 0x00007ff93851d000 	C:\WINDOWS\System32\KERNEL32.DLL
0x00007ff936a50000 - 0x00007ff936dc9000 	C:\WINDOWS\System32\KERNELBASE.dll
0x00007ff9371b0000 - 0x00007ff9372c1000 	C:\WINDOWS\System32\ucrtbase.dll
0x00007ff925ea0000 - 0x00007ff925eb9000 	C:\Users\Vanisha Jubin\.p2\pool\plugins\org.eclipse.justj.openjdk.hotspot.jre.full.win32.x86_64_18.0.1.v20220515-1614\jre\bin\VCRUNTIME140.dll
0x00007ff92cc20000 - 0x00007ff92cc37000 	C:\Users\Vanisha Jubin\.p2\pool\plugins\org.eclipse.justj.openjdk.hotspot.jre.full.win32.x86_64_18.0.1.v20220515-1614\jre\bin\jli.dll
0x00007ff938520000 - 0x00007ff9386cc000 	C:\WINDOWS\System32\USER32.dll
0x00007ff91c0a0000 - 0x00007ff91c345000 	C:\WINDOWS\WinSxS\amd64_microsoft.windows.common-controls_6595b64144ccf1df_6.0.22000.120_none_9d947278b86cc467\COMCTL32.dll
0x00007ff936f40000 - 0x00007ff936f66000 	C:\WINDOWS\System32\win32u.dll
0x00007ff937960000 - 0x00007ff937a03000 	C:\WINDOWS\System32\msvcrt.dll
0x00007ff9382d0000 - 0x00007ff9382f9000 	C:\WINDOWS\System32\GDI32.dll
0x00007ff936f70000 - 0x00007ff937082000 	C:\WINDOWS\System32\gdi32full.dll
0x00007ff937090000 - 0x00007ff93712d000 	C:\WINDOWS\System32\msvcp_win.dll
0x00007ff937ba0000 - 0x00007ff937bd1000 	C:\WINDOWS\System32\IMM32.DLL
0x00007ff9313b0000 - 0x00007ff9313bc000 	C:\Users\Vanisha Jubin\.p2\pool\plugins\org.eclipse.justj.openjdk.hotspot.jre.full.win32.x86_64_18.0.1.v20220515-1614\jre\bin\vcruntime140_1.dll
0x00007ff91bf80000 - 0x00007ff91c011000 	C:\Users\Vanisha Jubin\.p2\pool\plugins\org.eclipse.justj.openjdk.hotspot.jre.full.win32.x86_64_18.0.1.v20220515-1614\jre\bin\msvcp140.dll
0x00007ff8db180000 - 0x00007ff8dbe09000 	C:\Users\Vanisha Jubin\.p2\pool\plugins\org.eclipse.justj.openjdk.hotspot.jre.full.win32.x86_64_18.0.1.v20220515-1614\jre\bin\server\jvm.dll
0x00007ff938300000 - 0x00007ff9383ae000 	C:\WINDOWS\System32\ADVAPI32.dll
0x00007ff938140000 - 0x00007ff9381de000 	C:\WINDOWS\System32\sechost.dll
0x00007ff939030000 - 0x00007ff939150000 	C:\WINDOWS\System32\RPCRT4.dll
0x00007ff9391f0000 - 0x00007ff9391f8000 	C:\WINDOWS\System32\PSAPI.DLL
0x00007ff92f1d0000 - 0x00007ff92f203000 	C:\WINDOWS\SYSTEM32\WINMM.dll
0x00007ff933710000 - 0x00007ff933719000 	C:\WINDOWS\SYSTEM32\WSOCK32.dll
0x00007ff92d9a0000 - 0x00007ff92d9aa000 	C:\WINDOWS\SYSTEM32\VERSION.dll
0x00007ff938260000 - 0x00007ff9382cf000 	C:\WINDOWS\System32\WS2_32.dll
0x00007ff935ae0000 - 0x00007ff935af8000 	C:\WINDOWS\SYSTEM32\kernel.appcore.dll
0x00007ff9336e0000 - 0x00007ff9336ea000 	C:\Users\Vanisha Jubin\.p2\pool\plugins\org.eclipse.justj.openjdk.hotspot.jre.full.win32.x86_64_18.0.1.v20220515-1614\jre\bin\jimage.dll
0x00007ff934560000 - 0x00007ff934781000 	C:\WINDOWS\SYSTEM32\DBGHELP.DLL
0x00007ff92ba50000 - 0x00007ff92ba81000 	C:\WINDOWS\SYSTEM32\dbgcore.DLL
0x00007ff937130000 - 0x00007ff9371af000 	C:\WINDOWS\System32\bcryptPrimitives.dll
0x00007ff924720000 - 0x00007ff92475b000 	C:\Users\Vanisha Jubin\.p2\pool\plugins\org.eclipse.justj.openjdk.hotspot.jre.full.win32.x86_64_18.0.1.v20220515-1614\jre\bin\jdwp.dll
0x00007ff92d3a0000 - 0x00007ff92d3ae000 	C:\Users\Vanisha Jubin\.p2\pool\plugins\org.eclipse.justj.openjdk.hotspot.jre.full.win32.x86_64_18.0.1.v20220515-1614\jre\bin\instrument.dll
0x00007ff92cb90000 - 0x00007ff92cbb5000 	C:\Users\Vanisha Jubin\.p2\pool\plugins\org.eclipse.justj.openjdk.hotspot.jre.full.win32.x86_64_18.0.1.v20220515-1614\jre\bin\java.dll
0x00007ff92c7f0000 - 0x00007ff92c808000 	C:\Users\Vanisha Jubin\.p2\pool\plugins\org.eclipse.justj.openjdk.hotspot.jre.full.win32.x86_64_18.0.1.v20220515-1614\jre\bin\zip.dll
0x00007ff938870000 - 0x00007ff939028000 	C:\WINDOWS\System32\SHELL32.dll
0x00007ff934a60000 - 0x00007ff9352c7000 	C:\WINDOWS\SYSTEM32\windows.storage.dll
0x00007ff937390000 - 0x00007ff937709000 	C:\WINDOWS\System32\combase.dll
0x00007ff9348f0000 - 0x00007ff934a56000 	C:\WINDOWS\SYSTEM32\wintypes.dll
0x00007ff937860000 - 0x00007ff93794a000 	C:\WINDOWS\System32\SHCORE.dll
0x00007ff938200000 - 0x00007ff93825d000 	C:\WINDOWS\System32\shlwapi.dll
0x00007ff936910000 - 0x00007ff936931000 	C:\WINDOWS\SYSTEM32\profapi.dll
0x00007ff927a50000 - 0x00007ff927a5c000 	C:\Users\Vanisha Jubin\.p2\pool\plugins\org.eclipse.justj.openjdk.hotspot.jre.full.win32.x86_64_18.0.1.v20220515-1614\jre\bin\dt_socket.dll
0x00007ff935600000 - 0x00007ff93562d000 	C:\WINDOWS\SYSTEM32\IPHLPAPI.DLL
0x00007ff935f10000 - 0x00007ff935f77000 	C:\WINDOWS\system32\mswsock.dll
0x00007ff935630000 - 0x00007ff935718000 	C:\WINDOWS\SYSTEM32\DNSAPI.dll
0x00007ff937950000 - 0x00007ff937959000 	C:\WINDOWS\System32\NSI.dll
0x000000006a840000 - 0x000000006a866000 	C:\Program Files\Bonjour\mdnsNSP.dll
0x00007ff92d300000 - 0x00007ff92d30a000 	C:\Windows\System32\rasadhlp.dll
0x00007ff92d840000 - 0x00007ff92d8c1000 	C:\WINDOWS\System32\fwpuclnt.dll
0x00007ff92c6e0000 - 0x00007ff92c6f3000 	C:\Users\Vanisha Jubin\.p2\pool\plugins\org.eclipse.justj.openjdk.hotspot.jre.full.win32.x86_64_18.0.1.v20220515-1614\jre\bin\net.dll
0x00007ff92eed0000 - 0x00007ff92efdc000 	C:\WINDOWS\SYSTEM32\WINHTTP.dll
0x00007ff92c620000 - 0x00007ff92c636000 	C:\Users\Vanisha Jubin\.p2\pool\plugins\org.eclipse.justj.openjdk.hotspot.jre.full.win32.x86_64_18.0.1.v20220515-1614\jre\bin\nio.dll
0x00007ff92c7d0000 - 0x00007ff92c7e0000 	C:\Users\Vanisha Jubin\.p2\pool\plugins\org.eclipse.justj.openjdk.hotspot.jre.full.win32.x86_64_18.0.1.v20220515-1614\jre\bin\verify.dll
0x00007ff92c610000 - 0x00007ff92c619000 	C:\Users\Vanisha Jubin\.p2\pool\plugins\org.eclipse.justj.openjdk.hotspot.jre.full.win32.x86_64_18.0.1.v20220515-1614\jre\bin\management.dll
0x00007ff92c580000 - 0x00007ff92c58b000 	C:\Users\Vanisha Jubin\.p2\pool\plugins\org.eclipse.justj.openjdk.hotspot.jre.full.win32.x86_64_18.0.1.v20220515-1614\jre\bin\management_ext.dll
0x00007ff912c30000 - 0x00007ff912c47000 	C:\WINDOWS\system32\napinsp.dll
0x00007ff90fed0000 - 0x00007ff90feeb000 	C:\WINDOWS\system32\pnrpnsp.dll
0x00007ff90fbe0000 - 0x00007ff90fbf2000 	C:\WINDOWS\System32\winrnr.dll
0x00007ff92d8d0000 - 0x00007ff92d8e5000 	C:\WINDOWS\system32\wshbth.dll
0x00007ff927d80000 - 0x00007ff927d9f000 	C:\WINDOWS\system32\nlansp_c.dll
0x00007ff936150000 - 0x00007ff936168000 	C:\WINDOWS\SYSTEM32\CRYPTSP.dll
0x00007ff935a40000 - 0x00007ff935a75000 	C:\WINDOWS\system32\rsaenh.dll
0x00007ff936000000 - 0x00007ff936029000 	C:\WINDOWS\SYSTEM32\USERENV.dll
0x00007ff9362d0000 - 0x00007ff9362f7000 	C:\WINDOWS\SYSTEM32\bcrypt.dll
0x00007ff936170000 - 0x00007ff93617c000 	C:\WINDOWS\SYSTEM32\CRYPTBASE.dll
0x00007ff92eb00000 - 0x00007ff92eb19000 	C:\WINDOWS\SYSTEM32\dhcpcsvc6.DLL
0x00007ff92f6a0000 - 0x00007ff92f6be000 	C:\WINDOWS\SYSTEM32\dhcpcsvc.DLL
0x00007ff932630000 - 0x00007ff93263e000 	C:\Users\Vanisha Jubin\.p2\pool\plugins\org.eclipse.justj.openjdk.hotspot.jre.full.win32.x86_64_18.0.1.v20220515-1614\jre\bin\sunmscapi.dll
0x00007ff936dd0000 - 0x00007ff936f32000 	C:\WINDOWS\System32\CRYPT32.dll
0x00007ff9362a0000 - 0x00007ff9362c8000 	C:\WINDOWS\SYSTEM32\ncrypt.dll
0x00007ff936260000 - 0x00007ff936297000 	C:\WINDOWS\SYSTEM32\NTASN1.dll

dbghelp: loaded successfully - version: 4.0.5 - missing functions: none
symbol engine: initialized successfully - sym options: 0x614 - pdb path: .;C:\Users\Vanisha Jubin\.p2\pool\plugins\org.eclipse.justj.openjdk.hotspot.jre.full.win32.x86_64_18.0.1.v20220515-1614\jre\bin;C:\WINDOWS\SYSTEM32;C:\WINDOWS\WinSxS\amd64_microsoft.windows.common-controls_6595b64144ccf1df_6.0.22000.120_none_9d947278b86cc467;C:\Users\Vanisha Jubin\.p2\pool\plugins\org.eclipse.justj.openjdk.hotspot.jre.full.win32.x86_64_18.0.1.v20220515-1614\jre\bin\server;C:\Program Files\Bonjour

VM Arguments:
jvm_args: -XX:+ShowCodeDetailsInExceptionMessages -agentlib:jdwp=transport=dt_socket,suspend=y,address=localhost:50534 -javaagent:D:\Softwares\eclipse\configuration\org.eclipse.osgi\422\0\.cp\lib\javaagent-shaded.jar -Dfile.encoding=UTF-8 
java_command: com.project.onboarding.ProjectOnboardingApplication
java_class_path (initial): D:\Work Spaces\eclipse_workspace\project-onboarding-service\target\classes;C:\Users\Vanisha Jubin\.m2\repository\org\springframework\boot\spring-boot-starter-data-mongodb\2.7.2\spring-boot-starter-data-mongodb-2.7.2.jar;C:\Users\Vanisha Jubin\.m2\repository\org\springframework\boot\spring-boot-starter\2.7.2\spring-boot-starter-2.7.2.jar;C:\Users\Vanisha Jubin\.m2\repository\org\springframework\boot\spring-boot-starter-logging\2.7.2\spring-boot-starter-logging-2.7.2.jar;C:\Users\Vanisha Jubin\.m2\repository\ch\qos\logback\logback-classic\1.2.11\logback-classic-1.2.11.jar;C:\Users\Vanisha Jubin\.m2\repository\ch\qos\logback\logback-core\1.2.11\logback-core-1.2.11.jar;C:\Users\Vanisha Jubin\.m2\repository\org\apache\logging\log4j\log4j-to-slf4j\2.17.2\log4j-to-slf4j-2.17.2.jar;C:\Users\Vanisha Jubin\.m2\repository\org\apache\logging\log4j\log4j-api\2.17.2\log4j-api-2.17.2.jar;C:\Users\Vanisha Jubin\.m2\repository\org\slf4j\jul-to-slf4j\1.7.36\jul-to-slf4j-1.7.36.jar;C:\Users\Vanisha Jubin\.m2\repository\jakarta\annotation\jakarta.annotation-api\1.3.5\jakarta.annotation-api-1.3.5.jar;C:\Users\Vanisha Jubin\.m2\repository\org\yaml\snakeyaml\1.30\snakeyaml-1.30.jar;C:\Users\Vanisha Jubin\.m2\repository\org\mongodb\mongodb-driver-sync\4.6.1\mongodb-driver-sync-4.6.1.jar;C:\Users\Vanisha Jubin\.m2\repository\org\mongodb\bson\4.6.1\bson-4.6.1.jar;C:\Users\Vanisha Jubin\.m2\repository\org\mongodb\mongodb-driver-core\4.6.1\mongodb-driver-core-4.6.1.jar;C:\Users\Vanisha Jubin\.m2\repository\org\mongodb\bson-record-codec\4.6.1\bson-record-codec-4.6.1.jar;C:\Users\Vanisha Jubin\.m2\repository\org\springframework\data\spring-data-mongodb\3.4.2\spring-data-mongodb-3.4.2.jar;C:\Users\Vanisha Jubin\.m2\repository\org\springframework\spring-tx\5.3.22\spring-tx-5.3.22.jar;C:\Users\Vanisha Jubin\.m2\repository\org\springframework\spring-context\5.3.22\spring-context-5.3.22.jar;C:\Users\Vanisha Jubin\.m2\repository\org\springframework\spring-beans\5.3.22\spring-beans-5.3.22.jar;C:\Users\Vanisha Jubin\.m2\repository\org\springframework\spring-expression\5.3.22\spring-expression-5.3.22.jar;C:\Users\Vanisha Jubin\.m2\repository\org\springframework\data\spring-data-commons\2.7.2\spring-data-commons-2.7.2.jar;C:\Users\Vanisha Jubin\.m2\repository\org\slf4j\slf4j-api\1.7.36\slf4j-api-1.7.36.jar;C:\Users\Vanisha Jubin\.m2\repository\org\springframework\boot\spring-boot-starter-web\2.7.2\spring-boot-starter-web-2.7.2.jar;C:\Users\Vanisha Jubin\.m2\repository\org\springframework\boot\spring-boot-starter-json\2.7.2\spring-boot-starter-json-2.7.2.jar;C:\Users\Vanisha Jubin\.m2\repository\com\fasterxml\jackson\core\jackson-databind\2.13.3\jackson-databind-2.13.3.jar;C:\Users\Vanisha Jubin\.m2\repository\com\fasterxml\jackson\core\jackson-annotations\2.13.3\jackson-annotations-2.13.3.jar;C:\Users\Vanisha Jubin\.m2\repository\com\fasterxml\jackson\datatype\jackson-datatype-jdk8\2.13.3\jackson-datatype-jdk8-2.13.3.jar;C:\Users\Vanisha Jubin\.m2\repository\com\fasterxml\jackson\datatype\jackson-datatype-jsr310\2.13.3\jackson-datatype-jsr310-2.13.3.jar;C:\Users\Vanisha Jubin\.m2\repository\com\fasterxml\jackson\module\jackson-module-parameter-names\2.13.3\jackson-module-parameter-names-2.13.3.jar;C:\Users\Vanisha Jubin\.m2\repository\org\springframework\boot\spring-boot-starter-tomcat\2.7.2\spring-boot-starter-tomcat-2.7.2.jar;C:\Users\Vanisha Jubin\.m2\repository\org\apache\tomcat\embed\tomcat-embed-core\9.0.65\tomcat-embed-core-9.0.65.jar;C:\Users\Vanisha Jubin\.m2\repository\org\apache\tomcat\embed\tomcat-embed-websocket\9.0.65\tomcat-embed-websocket-9.0.65.jar;C:\Users\Vanisha Jubin\.m2\repository\org\springframework\spring-web\5.3.22\spring-web-5.3.22.jar;C:\Users\Vanisha Jubin\.m2\repository\org\springframework\spring-webmvc\5.3.22\spring-webmvc-5.3.22.jar;C:\Users\Vanisha Jubin\.m2\repository\org\springframework\spring-aop\5.3.22\spring-aop-5.3.22.jar;C:\Users\Vanisha Jubin\.m2\repository\org\springframework\boot\spring-boot-starter-validation\2.7.2\spring-boot-starter-validation-2.7.2.jar;C:\Users\Vanisha Jubin\.m2\repository\org\apache\tomcat\embed\tomcat-embed-el\9.0.65\tomcat-embed-el-9.0.65.jar;C:\Users\Vanisha Jubin\.m2\repository\org\hibernate\validator\hibernate-validator\6.2.3.Final\hibernate-validator-6.2.3.Final.jar;C:\Users\Vanisha Jubin\.m2\repository\jakarta\validation\jakarta.validation-api\2.0.2\jakarta.validation-api-2.0.2.jar;C:\Users\Vanisha Jubin\.m2\repository\org\jboss\logging\jboss-logging\3.4.3.Final\jboss-logging-3.4.3.Final.jar;C:\Users\Vanisha Jubin\.m2\repository\com\fasterxml\classmate\1.5.1\classmate-1.5.1.jar;C:\Users\Vanisha Jubin\.m2\repository\org\springdoc\springdoc-openapi-ui\1.6.9\springdoc-openapi-ui-1.6.9.jar;C:\Users\Vanisha Jubin\.m2\repository\org\springdoc\springdoc-openapi-webmvc-core\1.6.9\springdoc-openapi-webmvc-core-1.6.9.jar;C:\Users\Vanisha Jubin\.m2\repository\org\springdoc\springdoc-openapi-common\1.6.9\springdoc-openapi-common-1.6.9.jar;C:\Users\Vanisha Jubin\.m2\repository\io\swagger\core\v3\swagger-core\2.2.0\swagger-core-2.2.0.jar;C:\Users\Vanisha Jubin\.m2\repository\org\apache\commons\commons-lang3\3.12.0\commons-lang3-3.12.0.jar;C:\Users\Vanisha Jubin\.m2\repository\com\fasterxml\jackson\dataformat\jackson-dataformat-yaml\2.13.3\jackson-dataformat-yaml-2.13.3.jar;C:\Users\Vanisha Jubin\.m2\repository\io\swagger\core\v3\swagger-annotations\2.2.0\swagger-annotations-2.2.0.jar;C:\Users\Vanisha Jubin\.m2\repository\io\swagger\core\v3\swagger-models\2.2.0\swagger-models-2.2.0.jar;C:\Users\Vanisha Jubin\.m2\repository\org\webjars\swagger-ui\4.11.1\swagger-ui-4.11.1.jar;C:\Users\Vanisha Jubin\.m2\repository\org\webjars\webjars-locator-core\0.50\webjars-locator-core-0.50.jar;C:\Users\Vanisha Jubin\.m2\repository\com\fasterxml\jackson\core\jackson-core\2.13.3\jackson-core-2.13.3.jar;C:\Users\Vanisha Jubin\.m2\repository\io\github\classgraph\classgraph\4.8.147\classgraph-4.8.147.jar;C:\Users\Vanisha Jubin\.m2\repository\org\springframework\boot\spring-boot-devtools\2.7.2\spring-boot-devtools-2.7.2.jar;C:\Users\Vanisha Jubin\.m2\repository\org\springframework\boot\spring-boot\2.7.2\spring-boot-2.7.2.jar;C:\Users\Vanisha Jubin\.m2\repository\org\springframework\boot\spring-boot-autoconfigure\2.7.2\spring-boot-autoconfigure-2.7.2.jar;C:\Users\Vanisha Jubin\.m2\repository\org\projectlombok\lombok\1.18.24\lombok-1.18.24.jar;C:\Users\Vanisha Jubin\.m2\repository\jakarta\xml\bind\jakarta.xml.bind-api\2.3.3\jakarta.xml.bind-api-2.3.3.jar;C:\Users\Vanisha Jubin\.m2\repository\jakarta\activation\jakarta.activation-api\1.2.2\jakarta.activation-api-1.2.2.jar;C:\Users\Vanisha Jubin\.m2\repository\org\springframework\spring-core\5.3.22\spring-core-5.3.22.jar;C:\Users\Vanisha Jubin\.m2\repository\org\springframework\spring-jcl\5.3.22\spring-jcl-5.3.22.jar
Launcher Type: SUN_STANDARD

[Global flags]
     intx CICompilerCount                          = 4                                         {product} {ergonomic}
     uint ConcGCThreads                            = 2                                         {product} {ergonomic}
     uint G1ConcRefinementThreads                  = 8                                         {product} {ergonomic}
   size_t G1HeapRegionSize                         = 1048576                                   {product} {ergonomic}
    uintx GCDrainStackTargetSize                   = 64                                        {product} {ergonomic}
   size_t InitialHeapSize                          = 132120576                                 {product} {ergonomic}
   size_t MarkStackSize                            = 4194304                                   {product} {ergonomic}
   size_t MaxHeapSize                              = 2095054848                                {product} {ergonomic}
   size_t MaxNewSize                               = 1256194048                                {product} {ergonomic}
   size_t MinHeapDeltaBytes                        = 1048576                                   {product} {ergonomic}
   size_t MinHeapSize                              = 8388608                                   {product} {ergonomic}
    uintx NonNMethodCodeHeapSize                   = 5839372                                {pd product} {ergonomic}
    uintx NonProfiledCodeHeapSize                  = 122909434                              {pd product} {ergonomic}
    uintx ProfiledCodeHeapSize                     = 122909434                              {pd product} {ergonomic}
    uintx ReservedCodeCacheSize                    = 251658240                              {pd product} {ergonomic}
     bool SegmentedCodeCache                       = true                                      {product} {ergonomic}
     bool ShowCodeDetailsInExceptionMessages       = true                                   {manageable} {command line}
   size_t SoftMaxHeapSize                          = 2095054848                             {manageable} {ergonomic}
     bool UseCompressedClassPointers               = true                           {product lp64_product} {ergonomic}
     bool UseCompressedOops                        = true                           {product lp64_product} {ergonomic}
     bool UseG1GC                                  = true                                      {product} {ergonomic}
     bool UseLargePagesIndividualAllocation        = false                                  {pd product} {ergonomic}

Logging:
Log output configuration:
 #0: stdout all=warning uptime,level,tags foldmultilines=false
 #1: stderr all=off uptime,level,tags foldmultilines=false

Environment Variables:
JAVA_HOME=C:\Program Files\Java\jdk-11.0.15.1
PATH=C:\Users\Vanisha Jubin\.p2\pool\plugins\org.eclipse.justj.openjdk.hotspot.jre.full.win32.x86_64_18.0.1.v20220515-1614\jre\bin;C:/Users/Vanisha Jubin/.p2/pool/plugins/org.eclipse.justj.openjdk.hotspot.jre.full.win32.x86_64_18.0.1.v20220515-1614/jre/bin/server;C:/Users/Vanisha Jubin/.p2/pool/plugins/org.eclipse.justj.openjdk.hotspot.jre.full.win32.x86_64_18.0.1.v20220515-1614/jre/bin;C:\Program Files\Java\jdk-11.0.15.1\bin;C:\Program Files\Common Files\Oracle\Java\javapath;C:\Program Files\Maven\apache-maven-3.6.3\bin;C:\Program Files\MongoDB\Server\6.0\bin\;C:\WINDOWS\system32;C:\WINDOWS;C:\WINDOWS\System32\Wbem;C:\WINDOWS\System32\WindowsPowerShell\v1.0\;C:\WINDOWS\System32\OpenSSH\;D:\Programs\Git\cmd;C:\Users\Vanisha Jubin\AppData\Local\Microsoft\WindowsApps;C:\Users\Vanisha Jubin\Desktop;
USERNAME=Vanisha Jubin
OS=Windows_NT
PROCESSOR_IDENTIFIER=Intel64 Family 6 Model 126 Stepping 5, GenuineIntel



---------------  S Y S T E M  ---------------

OS:
 Windows 11 , 64 bit Build 22000 (10.0.22000.708)
OS uptime: 1 days 8:31 hours

CPU: total 8 (initial active 8) (4 cores per cpu, 2 threads per core) family 6 model 126 stepping 5 microcode 0xa0, cx8, cmov, fxsr, ht, mmx, 3dnowpref, sse, sse2, sse3, ssse3, sse4.1, sse4.2, popcnt, lzcnt, tsc, tscinvbit, avx, avx2, aes, erms, clmul, bmi1, bmi2, adx, avx512f, avx512dq, avx512cd, avx512bw, avx512vl, sha, fma, vzeroupper, avx512_vpopcntdq, avx512_vpclmulqdq, avx512_vaes, avx512_vnni, clflush, clflushopt, avx512_vbmi2, avx512_vbmi

Memory: 4k page, system-wide physical 7987M (1203M free)
TotalPageFile size 14387M (AvailPageFile size 4225M)
current process WorkingSet (physical memory assigned to process): 266M, peak: 357M
current process commit charge ("private bytes"): 315M, peak: 392M

vm_info: OpenJDK 64-Bit Server VM (18.0.1+10) for windows-amd64 JRE (18.0.1+10), built on Apr 20 2022 05:04:48 by "" with MS VC++ 16.7 (VS2019)

END.
