2022-08-23 10:20:38,488 [INFO]   Starting ProjectOnboardingApplication using Java 17.0.2 on DESKTOP-8FBAOJH with PID 16216 (E:\ProjectOnboardingNew\project-onboarding-service\target\classes started by USER in E:\ProjectOnboardingNew\project-onboarding-service)
2022-08-23 10:20:38,496 [INFO]   No active profile set, falling back to 1 default profile: "default"
2022-08-23 10:20:38,581 [INFO]   Devtools property defaults active! Set 'spring.devtools.add-properties' to 'false' to disable
2022-08-23 10:20:38,582 [INFO]   For additional web related logging consider setting the 'logging.level.web' property to 'DEBUG'
2022-08-23 10:20:39,488 [INFO]   Bootstrapping Spring Data MongoDB repositories in DEFAULT mode.
2022-08-23 10:20:39,548 [INFO]   Finished Spring Data repository scanning in 53 ms. Found 3 MongoDB repository interfaces.
2022-08-23 10:20:40,225 [INFO]   Tomcat initialized with port(s): 8080 (http)
2022-08-23 10:20:40,241 [INFO]   Starting service [Tomcat]
2022-08-23 10:20:40,243 [INFO]   Starting Servlet engine: [Apache Tomcat/9.0.65]
2022-08-23 10:20:40,342 [INFO]   Initializing Spring embedded WebApplicationContext
2022-08-23 10:20:40,342 [INFO]   Root WebApplicationContext: initialization completed in 1759 ms
2022-08-23 10:20:40,591 [INFO]   MongoClient with metadata {"driver": {"name": "mongo-java-driver|sync|spring-boot", "version": "4.6.1"}, "os": {"type": "Windows", "name": "Windows 10", "architecture": "amd64", "version": "10.0"}, "platform": "Java/Eclipse Adoptium/17.0.2+8"} created with settings MongoClientSettings{readPreference=primary, writeConcern=WriteConcern{w=null, wTimeout=null ms, journal=null}, retryWrites=true, retryReads=true, readConcern=ReadConcern{level=null}, credential=null, streamFactoryFactory=null, commandListeners=[], codecRegistry=ProvidersCodecRegistry{codecProviders=[ValueCodecProvider{}, BsonValueCodecProvider{}, DBRefCodecProvider{}, DBObjectCodecProvider{}, DocumentCodecProvider{}, IterableCodecProvider{}, MapCodecProvider{}, GeoJsonCodecProvider{}, GridFSFileCodecProvider{}, Jsr310CodecProvider{}, JsonObjectCodecProvider{}, BsonCodecProvider{}, EnumCodecProvider{}, com.mongodb.Jep395RecordCodecProvider@6b86e6a3]}, clusterSettings={hosts=[localhost:27017], srvServiceName=mongodb, mode=SINGLE, requiredClusterType=UNKNOWN, requiredReplicaSetName='null', serverSelector='null', clusterListeners='[]', serverSelectionTimeout='30000 ms', localThreshold='30000 ms'}, socketSettings=SocketSettings{connectTimeoutMS=10000, readTimeoutMS=0, receiveBufferSize=0, sendBufferSize=0}, heartbeatSocketSettings=SocketSettings{connectTimeoutMS=10000, readTimeoutMS=10000, receiveBufferSize=0, sendBufferSize=0}, connectionPoolSettings=ConnectionPoolSettings{maxSize=100, minSize=0, maxWaitTimeMS=120000, maxConnectionLifeTimeMS=0, maxConnectionIdleTimeMS=0, maintenanceInitialDelayMS=0, maintenanceFrequencyMS=60000, connectionPoolListeners=[], maxConnecting=2}, serverSettings=ServerSettings{heartbeatFrequencyMS=10000, minHeartbeatFrequencyMS=500, serverListeners='[]', serverMonitorListeners='[]'}, sslSettings=SslSettings{enabled=false, invalidHostNameAllowed=false, context=null}, applicationName='null', compressorList=[], uuidRepresentation=JAVA_LEGACY, serverApi=null, autoEncryptionSettings=null, contextProvider=null}
2022-08-23 10:20:40,612 [INFO]   Opened connection [connectionId{localValue:2, serverValue:605}] to localhost:27017
2022-08-23 10:20:40,612 [INFO]   Opened connection [connectionId{localValue:1, serverValue:604}] to localhost:27017
2022-08-23 10:20:40,614 [INFO]   Monitor thread successfully connected to server with description ServerDescription{address=localhost:27017, type=STANDALONE, state=CONNECTED, ok=true, minWireVersion=0, maxWireVersion=13, maxDocumentSize=16777216, logicalSessionTimeoutMinutes=30, roundTripTimeNanos=29225100}
2022-08-23 10:20:40,793 [INFO]   LiveReload server is running on port 35729
2022-08-23 10:20:42,015 [INFO]   Tomcat started on port(s): 8080 (http) with context path ''
2022-08-23 10:20:42,030 [INFO]   Started ProjectOnboardingApplication in 4.389 seconds (JVM running for 5.29)
2022-08-23 10:21:25,534 [INFO]   Initializing Spring DispatcherServlet 'dispatcherServlet'
2022-08-23 10:21:25,639 [INFO]   Initializing Servlet 'dispatcherServlet'
2022-08-23 10:21:25,647 [INFO]   Completed initialization in 6 ms
2022-08-23 10:21:26,726 [INFO]   Init duration for springdoc-openapi is: 432 ms
2022-08-23 10:21:46,550 [INFO]   Starting of fetch all task status
2022-08-23 10:21:46,550 [INFO]   Staring of fetch all task status
2022-08-23 10:21:46,676 [INFO]   Opened connection [connectionId{localValue:3, serverValue:606}] to localhost:27017
2022-08-23 10:21:46,744 [INFO]   Display all the task status
2022-08-23 10:21:46,744 [INFO]   Return the task details
2022-08-23 10:22:36,861 [INFO]   Started project task fetch api method
2022-08-23 10:22:36,861 [INFO]   Method for fetch the project task list started
2022-08-23 10:22:36,887 [INFO]   Return the task list details of selected projet
2022-08-23 10:22:36,887 [INFO]   Return the selected project task details
2022-08-23 10:23:02,728 [INFO]   Started project task fetch api method
2022-08-23 10:23:02,728 [INFO]   Method for fetch the project task list started
2022-08-23 10:23:02,733 [ERROR]   ProjectId not found
2022-08-23 10:23:02,734 [ERROR]   Throw project not found exception
2022-08-23 10:29:50,767 [INFO]   Starting ProjectTasksServiceTests using Java 17.0.2 on DESKTOP-8FBAOJH with PID 12820 (started by USER in E:\ProjectOnboardingNew\project-onboarding-service)
2022-08-23 10:29:50,771 [INFO]   No active profile set, falling back to 1 default profile: "default"
2022-08-23 10:29:52,249 [INFO]   Bootstrapping Spring Data MongoDB repositories in DEFAULT mode.
2022-08-23 10:29:52,326 [INFO]   Finished Spring Data repository scanning in 71 ms. Found 3 MongoDB repository interfaces.
2022-08-23 10:29:53,358 [INFO]   MongoClient with metadata {"driver": {"name": "mongo-java-driver|sync|spring-boot", "version": "4.6.1"}, "os": {"type": "Windows", "name": "Windows 10", "architecture": "amd64", "version": "10.0"}, "platform": "Java/Eclipse Adoptium/17.0.2+8"} created with settings MongoClientSettings{readPreference=primary, writeConcern=WriteConcern{w=null, wTimeout=null ms, journal=null}, retryWrites=true, retryReads=true, readConcern=ReadConcern{level=null}, credential=null, streamFactoryFactory=null, commandListeners=[], codecRegistry=ProvidersCodecRegistry{codecProviders=[ValueCodecProvider{}, BsonValueCodecProvider{}, DBRefCodecProvider{}, DBObjectCodecProvider{}, DocumentCodecProvider{}, IterableCodecProvider{}, MapCodecProvider{}, GeoJsonCodecProvider{}, GridFSFileCodecProvider{}, Jsr310CodecProvider{}, JsonObjectCodecProvider{}, BsonCodecProvider{}, EnumCodecProvider{}, com.mongodb.Jep395RecordCodecProvider@4548d254]}, clusterSettings={hosts=[localhost:27017], srvServiceName=mongodb, mode=SINGLE, requiredClusterType=UNKNOWN, requiredReplicaSetName='null', serverSelector='null', clusterListeners='[]', serverSelectionTimeout='30000 ms', localThreshold='30000 ms'}, socketSettings=SocketSettings{connectTimeoutMS=10000, readTimeoutMS=0, receiveBufferSize=0, sendBufferSize=0}, heartbeatSocketSettings=SocketSettings{connectTimeoutMS=10000, readTimeoutMS=10000, receiveBufferSize=0, sendBufferSize=0}, connectionPoolSettings=ConnectionPoolSettings{maxSize=100, minSize=0, maxWaitTimeMS=120000, maxConnectionLifeTimeMS=0, maxConnectionIdleTimeMS=0, maintenanceInitialDelayMS=0, maintenanceFrequencyMS=60000, connectionPoolListeners=[], maxConnecting=2}, serverSettings=ServerSettings{heartbeatFrequencyMS=10000, minHeartbeatFrequencyMS=500, serverListeners='[]', serverMonitorListeners='[]'}, sslSettings=SslSettings{enabled=false, invalidHostNameAllowed=false, context=null}, applicationName='null', compressorList=[], uuidRepresentation=JAVA_LEGACY, serverApi=null, autoEncryptionSettings=null, contextProvider=null}
2022-08-23 10:29:53,402 [INFO]   Opened connection [connectionId{localValue:2, serverValue:607}] to localhost:27017
2022-08-23 10:29:53,404 [INFO]   Opened connection [connectionId{localValue:1, serverValue:608}] to localhost:27017
2022-08-23 10:29:53,405 [INFO]   Monitor thread successfully connected to server with description ServerDescription{address=localhost:27017, type=STANDALONE, state=CONNECTED, ok=true, minWireVersion=0, maxWireVersion=13, maxDocumentSize=16777216, logicalSessionTimeoutMinutes=30, roundTripTimeNanos=61265900}
2022-08-23 10:29:58,177 [INFO]   Initializing Spring TestDispatcherServlet ''
2022-08-23 10:29:58,177 [INFO]   Initializing Servlet ''
2022-08-23 10:29:58,179 [INFO]   Completed initialization in 2 ms
2022-08-23 10:29:58,218 [INFO]   Started ProjectTasksServiceTests in 8.016 seconds (JVM running for 11.492)
2022-08-23 10:30:00,261 [INFO]   Method for fetch the project task list started
2022-08-23 10:30:00,269 [INFO]   Return the task list details of selected projet
2022-08-23 10:30:00,318 [INFO]   Method for fetch the project task list started
2022-08-23 10:30:00,318 [ERROR]   ProjectId not found
2022-08-23 10:30:00,340 [INFO]   Neither @ContextConfiguration nor @ContextHierarchy found for test class [com.project.onboarding.service.ProjectOnboardingServiceTests], using SpringBootContextLoader
2022-08-23 10:30:00,347 [INFO]   Could not detect default resource locations for test class [com.project.onboarding.service.ProjectOnboardingServiceTests]: no resource found for suffixes {-context.xml, Context.groovy}.
2022-08-23 10:30:00,348 [INFO]   Could not detect default configuration classes for test class [com.project.onboarding.service.ProjectOnboardingServiceTests]: ProjectOnboardingServiceTests does not declare any static, non-private, non-final, nested classes annotated with @Configuration.
2022-08-23 10:30:00,390 [INFO]   Found @SpringBootConfiguration com.project.onboarding.ProjectOnboardingApplication for test class com.project.onboarding.service.ProjectOnboardingServiceTests
2022-08-23 10:30:00,394 [INFO]   Loaded default TestExecutionListener class names from location [META-INF/spring.factories]: [org.springframework.boot.test.mock.mockito.MockitoTestExecutionListener, org.springframework.boot.test.mock.mockito.ResetMocksTestExecutionListener, org.springframework.boot.test.autoconfigure.restdocs.RestDocsTestExecutionListener, org.springframework.boot.test.autoconfigure.web.client.MockRestServiceServerResetTestExecutionListener, org.springframework.boot.test.autoconfigure.web.servlet.MockMvcPrintOnlyOnFailureTestExecutionListener, org.springframework.boot.test.autoconfigure.web.servlet.WebDriverTestExecutionListener, org.springframework.boot.test.autoconfigure.webservices.client.MockWebServiceServerTestExecutionListener, org.springframework.test.context.web.ServletTestExecutionListener, org.springframework.test.context.support.DirtiesContextBeforeModesTestExecutionListener, org.springframework.test.context.event.ApplicationEventsTestExecutionListener, org.springframework.test.context.support.DependencyInjectionTestExecutionListener, org.springframework.test.context.support.DirtiesContextTestExecutionListener, org.springframework.test.context.transaction.TransactionalTestExecutionListener, org.springframework.test.context.jdbc.SqlScriptsTestExecutionListener, org.springframework.test.context.event.EventPublishingTestExecutionListener]
2022-08-23 10:30:00,395 [INFO]   Using TestExecutionListeners: [org.springframework.test.context.web.ServletTestExecutionListener@75dbe490, org.springframework.test.context.support.DirtiesContextBeforeModesTestExecutionListener@4c579b5b, org.springframework.test.context.event.ApplicationEventsTestExecutionListener@5a96f3cb, org.springframework.boot.test.mock.mockito.MockitoTestExecutionListener@3e0704e2, org.springframework.boot.test.autoconfigure.SpringBootDependencyInjectionTestExecutionListener@14d298d6, org.springframework.test.context.support.DirtiesContextTestExecutionListener@64af5454, org.springframework.test.context.transaction.TransactionalTestExecutionListener@94aeba1, org.springframework.test.context.jdbc.SqlScriptsTestExecutionListener@f6cde7e, org.springframework.test.context.event.EventPublishingTestExecutionListener@ff8e36d, org.springframework.boot.test.mock.mockito.ResetMocksTestExecutionListener@116b0b32, org.springframework.boot.test.autoconfigure.restdocs.RestDocsTestExecutionListener@4f22fd5d, org.springframework.boot.test.autoconfigure.web.client.MockRestServiceServerResetTestExecutionListener@26d445e9, org.springframework.boot.test.autoconfigure.web.servlet.MockMvcPrintOnlyOnFailureTestExecutionListener@6e7f29d5, org.springframework.boot.test.autoconfigure.web.servlet.WebDriverTestExecutionListener@27048db3, org.springframework.boot.test.autoconfigure.webservices.client.MockWebServiceServerTestExecutionListener@7f94541b]
2022-08-23 10:30:00,414 [INFO]   Staring of fetch all task status
2022-08-23 10:30:00,415 [INFO]   Display all the task status
2022-08-23 10:30:00,438 [INFO]   Staring of fetch all task status
2022-08-23 10:30:00,439 [ERROR]   The task list is empty
2022-08-23 10:30:00,454 [INFO]   Neither @ContextConfiguration nor @ContextHierarchy found for test class [com.project.onboarding.ProjectOnboardingApplicationTests], using SpringBootContextLoader
2022-08-23 10:30:00,455 [INFO]   Could not detect default resource locations for test class [com.project.onboarding.ProjectOnboardingApplicationTests]: no resource found for suffixes {-context.xml, Context.groovy}.
2022-08-23 10:30:00,456 [INFO]   Could not detect default configuration classes for test class [com.project.onboarding.ProjectOnboardingApplicationTests]: ProjectOnboardingApplicationTests does not declare any static, non-private, non-final, nested classes annotated with @Configuration.
2022-08-23 10:30:00,475 [INFO]   Found @SpringBootConfiguration com.project.onboarding.ProjectOnboardingApplication for test class com.project.onboarding.ProjectOnboardingApplicationTests
2022-08-23 10:30:00,479 [INFO]   Loaded default TestExecutionListener class names from location [META-INF/spring.factories]: [org.springframework.boot.test.mock.mockito.MockitoTestExecutionListener, org.springframework.boot.test.mock.mockito.ResetMocksTestExecutionListener, org.springframework.boot.test.autoconfigure.restdocs.RestDocsTestExecutionListener, org.springframework.boot.test.autoconfigure.web.client.MockRestServiceServerResetTestExecutionListener, org.springframework.boot.test.autoconfigure.web.servlet.MockMvcPrintOnlyOnFailureTestExecutionListener, org.springframework.boot.test.autoconfigure.web.servlet.WebDriverTestExecutionListener, org.springframework.boot.test.autoconfigure.webservices.client.MockWebServiceServerTestExecutionListener, org.springframework.test.context.web.ServletTestExecutionListener, org.springframework.test.context.support.DirtiesContextBeforeModesTestExecutionListener, org.springframework.test.context.event.ApplicationEventsTestExecutionListener, org.springframework.test.context.support.DependencyInjectionTestExecutionListener, org.springframework.test.context.support.DirtiesContextTestExecutionListener, org.springframework.test.context.transaction.TransactionalTestExecutionListener, org.springframework.test.context.jdbc.SqlScriptsTestExecutionListener, org.springframework.test.context.event.EventPublishingTestExecutionListener]
2022-08-23 10:30:00,479 [INFO]   Using TestExecutionListeners: [org.springframework.test.context.web.ServletTestExecutionListener@3f33bb6f, org.springframework.test.context.support.DirtiesContextBeforeModesTestExecutionListener@446cc036, org.springframework.test.context.event.ApplicationEventsTestExecutionListener@33b2ba25, org.springframework.boot.test.mock.mockito.MockitoTestExecutionListener@6ad198c9, org.springframework.boot.test.autoconfigure.SpringBootDependencyInjectionTestExecutionListener@481bae3f, org.springframework.test.context.support.DirtiesContextTestExecutionListener@6a54aa7a, org.springframework.test.context.transaction.TransactionalTestExecutionListener@4c114687, org.springframework.test.context.jdbc.SqlScriptsTestExecutionListener@2a60981c, org.springframework.test.context.event.EventPublishingTestExecutionListener@3f1fb139, org.springframework.boot.test.mock.mockito.ResetMocksTestExecutionListener@7057dbda, org.springframework.boot.test.autoconfigure.restdocs.RestDocsTestExecutionListener@36349e29, org.springframework.boot.test.autoconfigure.web.client.MockRestServiceServerResetTestExecutionListener@183a508b, org.springframework.boot.test.autoconfigure.web.servlet.MockMvcPrintOnlyOnFailureTestExecutionListener@5aeebccc, org.springframework.boot.test.autoconfigure.web.servlet.WebDriverTestExecutionListener@14293540, org.springframework.boot.test.autoconfigure.webservices.client.MockWebServiceServerTestExecutionListener@6fe243a]
2022-08-23 10:30:00,545 [INFO]   Starting ProjectOnboardingApplicationTests using Java 17.0.2 on DESKTOP-8FBAOJH with PID 12820 (started by USER in E:\ProjectOnboardingNew\project-onboarding-service)
2022-08-23 10:30:00,546 [INFO]   No active profile set, falling back to 1 default profile: "default"
2022-08-23 10:30:00,967 [INFO]   Bootstrapping Spring Data MongoDB repositories in DEFAULT mode.
2022-08-23 10:30:00,985 [INFO]   Finished Spring Data repository scanning in 17 ms. Found 3 MongoDB repository interfaces.
2022-08-23 10:30:01,145 [INFO]   MongoClient with metadata {"driver": {"name": "mongo-java-driver|sync|spring-boot", "version": "4.6.1"}, "os": {"type": "Windows", "name": "Windows 10", "architecture": "amd64", "version": "10.0"}, "platform": "Java/Eclipse Adoptium/17.0.2+8"} created with settings MongoClientSettings{readPreference=primary, writeConcern=WriteConcern{w=null, wTimeout=null ms, journal=null}, retryWrites=true, retryReads=true, readConcern=ReadConcern{level=null}, credential=null, streamFactoryFactory=null, commandListeners=[], codecRegistry=ProvidersCodecRegistry{codecProviders=[ValueCodecProvider{}, BsonValueCodecProvider{}, DBRefCodecProvider{}, DBObjectCodecProvider{}, DocumentCodecProvider{}, IterableCodecProvider{}, MapCodecProvider{}, GeoJsonCodecProvider{}, GridFSFileCodecProvider{}, Jsr310CodecProvider{}, JsonObjectCodecProvider{}, BsonCodecProvider{}, EnumCodecProvider{}, com.mongodb.Jep395RecordCodecProvider@4548d254]}, clusterSettings={hosts=[localhost:27017], srvServiceName=mongodb, mode=SINGLE, requiredClusterType=UNKNOWN, requiredReplicaSetName='null', serverSelector='null', clusterListeners='[]', serverSelectionTimeout='30000 ms', localThreshold='30000 ms'}, socketSettings=SocketSettings{connectTimeoutMS=10000, readTimeoutMS=0, receiveBufferSize=0, sendBufferSize=0}, heartbeatSocketSettings=SocketSettings{connectTimeoutMS=10000, readTimeoutMS=10000, receiveBufferSize=0, sendBufferSize=0}, connectionPoolSettings=ConnectionPoolSettings{maxSize=100, minSize=0, maxWaitTimeMS=120000, maxConnectionLifeTimeMS=0, maxConnectionIdleTimeMS=0, maintenanceInitialDelayMS=0, maintenanceFrequencyMS=60000, connectionPoolListeners=[], maxConnecting=2}, serverSettings=ServerSettings{heartbeatFrequencyMS=10000, minHeartbeatFrequencyMS=500, serverListeners='[]', serverMonitorListeners='[]'}, sslSettings=SslSettings{enabled=false, invalidHostNameAllowed=false, context=null}, applicationName='null', compressorList=[], uuidRepresentation=JAVA_LEGACY, serverApi=null, autoEncryptionSettings=null, contextProvider=null}
2022-08-23 10:30:01,199 [INFO]   Opened connection [connectionId{localValue:4, serverValue:609}] to localhost:27017
2022-08-23 10:30:01,219 [INFO]   Opened connection [connectionId{localValue:3, serverValue:610}] to localhost:27017
2022-08-23 10:30:01,219 [INFO]   Monitor thread successfully connected to server with description ServerDescription{address=localhost:27017, type=STANDALONE, state=CONNECTED, ok=true, minWireVersion=0, maxWireVersion=13, maxDocumentSize=16777216, logicalSessionTimeoutMinutes=30, roundTripTimeNanos=44266800}
2022-08-23 10:30:03,109 [INFO]   Started ProjectOnboardingApplicationTests in 2.62 seconds (JVM running for 16.383)
2022-08-23 10:30:03,128 [INFO]   Neither @ContextConfiguration nor @ContextHierarchy found for test class [com.project.onboarding.controller.ProjectTasksControllerTests], using SpringBootContextLoader
2022-08-23 10:30:03,130 [INFO]   Could not detect default resource locations for test class [com.project.onboarding.controller.ProjectTasksControllerTests]: no resource found for suffixes {-context.xml, Context.groovy}.
2022-08-23 10:30:03,130 [INFO]   Could not detect default configuration classes for test class [com.project.onboarding.controller.ProjectTasksControllerTests]: ProjectTasksControllerTests does not declare any static, non-private, non-final, nested classes annotated with @Configuration.
2022-08-23 10:30:03,140 [INFO]   Found @SpringBootConfiguration com.project.onboarding.ProjectOnboardingApplication for test class com.project.onboarding.controller.ProjectTasksControllerTests
2022-08-23 10:30:03,145 [INFO]   Loaded default TestExecutionListener class names from location [META-INF/spring.factories]: [org.springframework.boot.test.mock.mockito.MockitoTestExecutionListener, org.springframework.boot.test.mock.mockito.ResetMocksTestExecutionListener, org.springframework.boot.test.autoconfigure.restdocs.RestDocsTestExecutionListener, org.springframework.boot.test.autoconfigure.web.client.MockRestServiceServerResetTestExecutionListener, org.springframework.boot.test.autoconfigure.web.servlet.MockMvcPrintOnlyOnFailureTestExecutionListener, org.springframework.boot.test.autoconfigure.web.servlet.WebDriverTestExecutionListener, org.springframework.boot.test.autoconfigure.webservices.client.MockWebServiceServerTestExecutionListener, org.springframework.test.context.web.ServletTestExecutionListener, org.springframework.test.context.support.DirtiesContextBeforeModesTestExecutionListener, org.springframework.test.context.event.ApplicationEventsTestExecutionListener, org.springframework.test.context.support.DependencyInjectionTestExecutionListener, org.springframework.test.context.support.DirtiesContextTestExecutionListener, org.springframework.test.context.transaction.TransactionalTestExecutionListener, org.springframework.test.context.jdbc.SqlScriptsTestExecutionListener, org.springframework.test.context.event.EventPublishingTestExecutionListener]
2022-08-23 10:30:03,146 [INFO]   Using TestExecutionListeners: [org.springframework.test.context.web.ServletTestExecutionListener@744f0e0b, org.springframework.test.context.support.DirtiesContextBeforeModesTestExecutionListener@4136b193, org.springframework.test.context.event.ApplicationEventsTestExecutionListener@4af44f2a, org.springframework.boot.test.mock.mockito.MockitoTestExecutionListener@570127fa, org.springframework.boot.test.autoconfigure.SpringBootDependencyInjectionTestExecutionListener@5b324447, org.springframework.test.context.support.DirtiesContextTestExecutionListener@2ffcdc9b, org.springframework.test.context.transaction.TransactionalTestExecutionListener@47994b51, org.springframework.test.context.jdbc.SqlScriptsTestExecutionListener@19f99aaf, org.springframework.test.context.event.EventPublishingTestExecutionListener@5020e5ab, org.springframework.boot.test.mock.mockito.ResetMocksTestExecutionListener@19f1f330, org.springframework.boot.test.autoconfigure.restdocs.RestDocsTestExecutionListener@143fe09c, org.springframework.boot.test.autoconfigure.web.client.MockRestServiceServerResetTestExecutionListener@41463c56, org.springframework.boot.test.autoconfigure.web.servlet.MockMvcPrintOnlyOnFailureTestExecutionListener@161c9468, org.springframework.boot.test.autoconfigure.web.servlet.WebDriverTestExecutionListener@629de8, org.springframework.boot.test.autoconfigure.webservices.client.MockWebServiceServerTestExecutionListener@6b32b678]
2022-08-23 10:30:03,251 [INFO]   Initializing Spring TestDispatcherServlet ''
2022-08-23 10:30:03,252 [INFO]   Initializing Servlet ''
2022-08-23 10:30:03,253 [INFO]   Completed initialization in 0 ms
2022-08-23 10:30:03,308 [INFO]   Started project task fetch api method
2022-08-23 10:30:03,309 [INFO]   Return the selected project task details
2022-08-23 10:30:03,395 [INFO]   Initializing Spring TestDispatcherServlet ''
2022-08-23 10:30:03,396 [INFO]   Initializing Servlet ''
2022-08-23 10:30:03,396 [INFO]   Completed initialization in 0 ms
2022-08-23 10:30:03,410 [INFO]   Started project task fetch api method
2022-08-23 10:30:03,411 [ERROR]   Throw project not found exception
2022-08-23 10:30:03,569 [INFO]   Neither @ContextConfiguration nor @ContextHierarchy found for test class [com.project.onboarding.controller.ProjectOnboardingControllerTests], using SpringBootContextLoader
2022-08-23 10:30:03,571 [INFO]   Could not detect default resource locations for test class [com.project.onboarding.controller.ProjectOnboardingControllerTests]: no resource found for suffixes {-context.xml, Context.groovy}.
2022-08-23 10:30:03,572 [INFO]   Could not detect default configuration classes for test class [com.project.onboarding.controller.ProjectOnboardingControllerTests]: ProjectOnboardingControllerTests does not declare any static, non-private, non-final, nested classes annotated with @Configuration.
2022-08-23 10:30:03,586 [INFO]   Found @SpringBootConfiguration com.project.onboarding.ProjectOnboardingApplication for test class com.project.onboarding.controller.ProjectOnboardingControllerTests
2022-08-23 10:30:03,598 [INFO]   Loaded default TestExecutionListener class names from location [META-INF/spring.factories]: [org.springframework.boot.test.mock.mockito.MockitoTestExecutionListener, org.springframework.boot.test.mock.mockito.ResetMocksTestExecutionListener, org.springframework.boot.test.autoconfigure.restdocs.RestDocsTestExecutionListener, org.springframework.boot.test.autoconfigure.web.client.MockRestServiceServerResetTestExecutionListener, org.springframework.boot.test.autoconfigure.web.servlet.MockMvcPrintOnlyOnFailureTestExecutionListener, org.springframework.boot.test.autoconfigure.web.servlet.WebDriverTestExecutionListener, org.springframework.boot.test.autoconfigure.webservices.client.MockWebServiceServerTestExecutionListener, org.springframework.test.context.web.ServletTestExecutionListener, org.springframework.test.context.support.DirtiesContextBeforeModesTestExecutionListener, org.springframework.test.context.event.ApplicationEventsTestExecutionListener, org.springframework.test.context.support.DependencyInjectionTestExecutionListener, org.springframework.test.context.support.DirtiesContextTestExecutionListener, org.springframework.test.context.transaction.TransactionalTestExecutionListener, org.springframework.test.context.jdbc.SqlScriptsTestExecutionListener, org.springframework.test.context.event.EventPublishingTestExecutionListener]
2022-08-23 10:30:03,601 [INFO]   Using TestExecutionListeners: [org.springframework.test.context.web.ServletTestExecutionListener@74bcf1ab, org.springframework.test.context.support.DirtiesContextBeforeModesTestExecutionListener@a11efe6, org.springframework.test.context.event.ApplicationEventsTestExecutionListener@5e6bbe63, org.springframework.boot.test.mock.mockito.MockitoTestExecutionListener@69356aca, org.springframework.boot.test.autoconfigure.SpringBootDependencyInjectionTestExecutionListener@7a17ffee, org.springframework.test.context.support.DirtiesContextTestExecutionListener@7ffc4195, org.springframework.test.context.transaction.TransactionalTestExecutionListener@7ce760af, org.springframework.test.context.jdbc.SqlScriptsTestExecutionListener@3e4636c3, org.springframework.test.context.event.EventPublishingTestExecutionListener@7b6b466a, org.springframework.boot.test.mock.mockito.ResetMocksTestExecutionListener@6686507b, org.springframework.boot.test.autoconfigure.restdocs.RestDocsTestExecutionListener@2123a61c, org.springframework.boot.test.autoconfigure.web.client.MockRestServiceServerResetTestExecutionListener@2e5c7cd5, org.springframework.boot.test.autoconfigure.web.servlet.MockMvcPrintOnlyOnFailureTestExecutionListener@f252762, org.springframework.boot.test.autoconfigure.web.servlet.WebDriverTestExecutionListener@5b74bb75, org.springframework.boot.test.autoconfigure.webservices.client.MockWebServiceServerTestExecutionListener@675bf541]
2022-08-23 10:30:03,726 [INFO]   Initializing Spring TestDispatcherServlet ''
2022-08-23 10:30:03,726 [INFO]   Initializing Servlet ''
2022-08-23 10:30:03,726 [INFO]   Completed initialization in 0 ms
2022-08-23 10:30:03,729 [INFO]   Starting of fetch all task status
2022-08-23 10:30:03,729 [ERROR]   The task status list is empty
2022-08-23 10:30:03,775 [INFO]   Initializing Spring TestDispatcherServlet ''
2022-08-23 10:30:03,775 [INFO]   Initializing Servlet ''
2022-08-23 10:30:03,775 [INFO]   Completed initialization in 0 ms
2022-08-23 10:30:03,777 [INFO]   Starting of fetch all task status
2022-08-23 10:30:03,778 [INFO]   Return the task details
2022-08-23 10:30:19,667 [INFO]   Application shutdown requested.
